[ 2017-04-13T05:11:05+08:00 ] 101.226.68.215 /Back.php/Article/set/id/'%2525252525252525253C/span%2525252525252525253E+%25252525252525252520objUrl%25252525252525252520+%2525252525252525253Cspan%25252525252525252520class%25252525252525253D
INFO: [ app_init ] --START--
INFO: Run Behavior\BuildLiteBehavior [ RunTime:0.000008s ]
INFO: [ app_init ] --END-- [ RunTime:0.000050s ]
INFO: [ app_begin ] --START--
INFO: Run Behavior\ReadHtmlCacheBehavior [ RunTime:0.000020s ]
INFO: [ app_begin ] --END-- [ RunTime:0.000037s ]
NOTIC: [8] Use of undefined constant BACK_URL - assumed 'BACK_URL' /usr/local/nginx/html/blog/Application/Back/Controller/ArticleController.class.php 第 15 行.

[ 2017-04-13T05:11:15+08:00 ] 180.153.214.199 /Back.php/Article/set/id/'%2525252525252525253C/span%2525252525252525253E+%25252525252525252520objUrl%25252525252525252520+%2525252525252525253Cspan%25252525252525252520class%25252525252525253D
INFO: [ app_init ] --START--
INFO: Run Behavior\BuildLiteBehavior [ RunTime:0.000008s ]
INFO: [ app_init ] --END-- [ RunTime:0.000070s ]
INFO: [ app_begin ] --START--
INFO: Run Behavior\ReadHtmlCacheBehavior [ RunTime:0.000020s ]
INFO: [ app_begin ] --END-- [ RunTime:0.000037s ]
NOTIC: [8] Use of undefined constant BACK_URL - assumed 'BACK_URL' /usr/local/nginx/html/blog/Application/Back/Controller/ArticleController.class.php 第 15 行.

[ 2017-04-13T08:02:02+08:00 ] 180.153.206.20 /Back.php/Article/set/id/'%252525252525252525253C/span%252525252525252525253E+%2525252525252525252520objUrl%2525252525252525252520+%252525252525252525253Cspan%2525252525252525252520class%2525252525252525253D
INFO: [ app_init ] --START--
INFO: Run Behavior\BuildLiteBehavior [ RunTime:0.000006s ]
INFO: [ app_init ] --END-- [ RunTime:0.000034s ]
INFO: [ app_begin ] --START--
INFO: Run Behavior\ReadHtmlCacheBehavior [ RunTime:0.000013s ]
INFO: [ app_begin ] --END-- [ RunTime:0.000024s ]
NOTIC: [8] Use of undefined constant BACK_URL - assumed 'BACK_URL' /usr/local/nginx/html/blog/Application/Back/Controller/ArticleController.class.php 第 15 行.

[ 2017-04-13T08:19:18+08:00 ] 101.226.99.196 /Back.php/Article/set/id/9.html
INFO: [ app_init ] --START--
INFO: Run Behavior\BuildLiteBehavior [ RunTime:0.000008s ]
INFO: [ app_init ] --END-- [ RunTime:0.000066s ]
INFO: [ app_begin ] --START--
INFO: Run Behavior\ReadHtmlCacheBehavior [ RunTime:0.000028s ]
INFO: [ app_begin ] --END-- [ RunTime:0.000066s ]
NOTIC: [8] Use of undefined constant BACK_URL - assumed 'BACK_URL' /usr/local/nginx/html/blog/Application/Back/Controller/ArticleController.class.php 第 15 行.

[ 2017-04-13T09:15:29+08:00 ] 101.226.33.202 /Back.php/Index/index.html
INFO: [ app_init ] --START--
INFO: Run Behavior\BuildLiteBehavior [ RunTime:0.000008s ]
INFO: [ app_init ] --END-- [ RunTime:0.000052s ]
INFO: [ app_begin ] --START--
INFO: Run Behavior\ReadHtmlCacheBehavior [ RunTime:0.000024s ]
INFO: [ app_begin ] --END-- [ RunTime:0.000038s ]
NOTIC: [8] Use of undefined constant BACK_URL - assumed 'BACK_URL' /usr/local/nginx/html/blog/Application/Back/Controller/IndexController.class.php 第 14 行.

[ 2017-04-13T09:42:30+08:00 ] 112.90.82.218 /Back.php/Article/Upload.html
INFO: [ app_init ] --START--
INFO: Run Behavior\BuildLiteBehavior [ RunTime:0.000007s ]
INFO: [ app_init ] --END-- [ RunTime:0.000040s ]
INFO: [ app_begin ] --START--
INFO: Run Behavior\ReadHtmlCacheBehavior [ RunTime:0.000013s ]
INFO: [ app_begin ] --END-- [ RunTime:0.000026s ]
NOTIC: [8] Use of undefined constant BACK_URL - assumed 'BACK_URL' /usr/local/nginx/html/blog/Application/Back/Controller/ArticleController.class.php 第 15 行.

[ 2017-04-13T11:29:59+08:00 ] 101.226.33.225 /Back.php/Article/set/id/'%25252525252525252525253C/span%25252525252525252525253E+%252525252525252525252520objUrl%252525252525252525252520+%25252525252525252525253Cspan%252525252525252525252520class%252525252525252525253D
INFO: [ app_init ] --START--
INFO: Run Behavior\BuildLiteBehavior [ RunTime:0.000006s ]
INFO: [ app_init ] --END-- [ RunTime:0.000034s ]
INFO: [ app_begin ] --START--
INFO: Run Behavior\ReadHtmlCacheBehavior [ RunTime:0.000014s ]
INFO: [ app_begin ] --END-- [ RunTime:0.000026s ]
NOTIC: [8] Use of undefined constant BACK_URL - assumed 'BACK_URL' /usr/local/nginx/html/blog/Application/Back/Controller/ArticleController.class.php 第 15 行.

[ 2017-04-13T20:18:00+08:00 ] 64.79.100.29 /Back.php/Index/index.html
INFO: [ app_init ] --START--
INFO: Run Behavior\BuildLiteBehavior [ RunTime:0.000009s ]
INFO: [ app_init ] --END-- [ RunTime:0.000051s ]
INFO: [ app_begin ] --START--
INFO: Run Behavior\ReadHtmlCacheBehavior [ RunTime:0.000021s ]
INFO: [ app_begin ] --END-- [ RunTime:0.000037s ]
NOTIC: [8] Use of undefined constant BACK_URL - assumed 'BACK_URL' /usr/local/nginx/html/blog/Application/Back/Controller/IndexController.class.php 第 14 行.

[ 2017-04-13T20:18:01+08:00 ] 64.79.100.29 /Back.php/Index/index.html
INFO: [ app_init ] --START--
INFO: Run Behavior\BuildLiteBehavior [ RunTime:0.000006s ]
INFO: [ app_init ] --END-- [ RunTime:0.000033s ]
INFO: [ app_begin ] --START--
INFO: Run Behavior\ReadHtmlCacheBehavior [ RunTime:0.000019s ]
INFO: [ app_begin ] --END-- [ RunTime:0.000035s ]
NOTIC: [8] Use of undefined constant BACK_URL - assumed 'BACK_URL' /usr/local/nginx/html/blog/Application/Back/Controller/IndexController.class.php 第 14 行.

