[ 2017-04-20T00:37:55+08:00 ] 104.192.74.41 /Back.php/Index/index.html
INFO: [ app_init ] --START--
INFO: Run Behavior\BuildLiteBehavior [ RunTime:0.000006s ]
INFO: [ app_init ] --END-- [ RunTime:0.000035s ]
INFO: [ app_begin ] --START--
INFO: Run Behavior\ReadHtmlCacheBehavior [ RunTime:0.000014s ]
INFO: [ app_begin ] --END-- [ RunTime:0.000027s ]
NOTIC: [8] Use of undefined constant BACK_URL - assumed 'BACK_URL' /usr/local/nginx/html/blog/Application/Back/Controller/IndexController.class.php 第 14 行.

[ 2017-04-20T00:37:56+08:00 ] 104.192.74.41 /Back.php/Index/index.html
INFO: [ app_init ] --START--
INFO: Run Behavior\BuildLiteBehavior [ RunTime:0.000006s ]
INFO: [ app_init ] --END-- [ RunTime:0.000031s ]
INFO: [ app_begin ] --START--
INFO: Run Behavior\ReadHtmlCacheBehavior [ RunTime:0.000017s ]
INFO: [ app_begin ] --END-- [ RunTime:0.000033s ]
NOTIC: [8] Use of undefined constant BACK_URL - assumed 'BACK_URL' /usr/local/nginx/html/blog/Application/Back/Controller/IndexController.class.php 第 14 行.

[ 2017-04-20T04:27:52+08:00 ] 101.226.68.215 /Back.php/Index/index.html
INFO: [ app_init ] --START--
INFO: Run Behavior\BuildLiteBehavior [ RunTime:0.000007s ]
INFO: [ app_init ] --END-- [ RunTime:0.000039s ]
INFO: [ app_begin ] --START--
INFO: Run Behavior\ReadHtmlCacheBehavior [ RunTime:0.000022s ]
INFO: [ app_begin ] --END-- [ RunTime:0.000043s ]
NOTIC: [8] Use of undefined constant BACK_URL - assumed 'BACK_URL' /usr/local/nginx/html/blog/Application/Back/Controller/IndexController.class.php 第 14 行.

[ 2017-04-20T17:24:22+08:00 ] 64.79.100.30 /Back.php/Index/index.html
INFO: [ app_init ] --START--
INFO: Run Behavior\BuildLiteBehavior [ RunTime:0.000007s ]
INFO: [ app_init ] --END-- [ RunTime:0.000038s ]
INFO: [ app_begin ] --START--
INFO: Run Behavior\ReadHtmlCacheBehavior [ RunTime:0.000020s ]
INFO: [ app_begin ] --END-- [ RunTime:0.000034s ]
NOTIC: [8] Use of undefined constant BACK_URL - assumed 'BACK_URL' /usr/local/nginx/html/blog/Application/Back/Controller/IndexController.class.php 第 14 行.

[ 2017-04-20T17:24:22+08:00 ] 64.79.100.30 /Back.php/Index/index.html
INFO: [ app_init ] --START--
INFO: Run Behavior\BuildLiteBehavior [ RunTime:0.000008s ]
INFO: [ app_init ] --END-- [ RunTime:0.000048s ]
INFO: [ app_begin ] --START--
INFO: Run Behavior\ReadHtmlCacheBehavior [ RunTime:0.000015s ]
INFO: [ app_begin ] --END-- [ RunTime:0.000027s ]
NOTIC: [8] Use of undefined constant BACK_URL - assumed 'BACK_URL' /usr/local/nginx/html/blog/Application/Back/Controller/IndexController.class.php 第 14 行.

