[ 2017-04-10T16:37:28+08:00 ] 183.38.244.244 /Back.php/Article/set.html
INFO: [ app_init ] --START--
INFO: Run Behavior\BuildLiteBehavior [ RunTime:0.000009s ]
INFO: [ app_init ] --END-- [ RunTime:0.000057s ]
INFO: [ app_begin ] --START--
INFO: Run Behavior\ReadHtmlCacheBehavior [ RunTime:0.000027s ]
INFO: [ app_begin ] --END-- [ RunTime:0.000044s ]
SQL: SELECT * FROM `category`  [ RunTime:0.0003s ]
INFO: [ view_parse ] --START--
INFO: [ template_filter ] --START--
INFO: Run Behavior\ContentReplaceBehavior [ RunTime:0.000080s ]
INFO: [ template_filter ] --END-- [ RunTime:0.000106s ]
NOTIC: [8] Undefined variable: articleList /usr/local/nginx/html/blog/Application/Runtime/Cache/Back/9ee633c53a9b5146604336c22eb9ac70.php 第 64 行.
NOTIC: [8] Undefined variable: category /usr/local/nginx/html/blog/Application/Runtime/Cache/Back/9ee633c53a9b5146604336c22eb9ac70.php 第 80 行.
NOTIC: [8] Undefined variable: articleList /usr/local/nginx/html/blog/Application/Runtime/Cache/Back/9ee633c53a9b5146604336c22eb9ac70.php 第 124 行.
NOTIC: [8] Undefined variable: articleList /usr/local/nginx/html/blog/Application/Runtime/Cache/Back/9ee633c53a9b5146604336c22eb9ac70.php 第 137 行.
NOTIC: [8] Undefined variable: articleList /usr/local/nginx/html/blog/Application/Runtime/Cache/Back/9ee633c53a9b5146604336c22eb9ac70.php 第 137 行.
NOTIC: [8] Undefined variable: articleList /usr/local/nginx/html/blog/Application/Runtime/Cache/Back/9ee633c53a9b5146604336c22eb9ac70.php 第 137 行.
NOTIC: [8] Undefined variable: articleList /usr/local/nginx/html/blog/Application/Runtime/Cache/Back/9ee633c53a9b5146604336c22eb9ac70.php 第 137 行.
NOTIC: [8] Undefined variable: articleList /usr/local/nginx/html/blog/Application/Runtime/Cache/Back/9ee633c53a9b5146604336c22eb9ac70.php 第 137 行.
NOTIC: [8] Undefined variable: articleList /usr/local/nginx/html/blog/Application/Runtime/Cache/Back/9ee633c53a9b5146604336c22eb9ac70.php 第 137 行.
NOTIC: [8] Undefined variable: articleList /usr/local/nginx/html/blog/Application/Runtime/Cache/Back/9ee633c53a9b5146604336c22eb9ac70.php 第 137 行.
NOTIC: [8] Undefined variable: articleList /usr/local/nginx/html/blog/Application/Runtime/Cache/Back/9ee633c53a9b5146604336c22eb9ac70.php 第 137 行.
NOTIC: [8] Undefined variable: articleList /usr/local/nginx/html/blog/Application/Runtime/Cache/Back/9ee633c53a9b5146604336c22eb9ac70.php 第 144 行.
NOTIC: [8] Undefined variable: articleList /usr/local/nginx/html/blog/Application/Runtime/Cache/Back/9ee633c53a9b5146604336c22eb9ac70.php 第 147 行.
NOTIC: [8] Undefined variable: articleList /usr/local/nginx/html/blog/Application/Runtime/Cache/Back/9ee633c53a9b5146604336c22eb9ac70.php 第 156 行.
NOTIC: [8] Undefined variable: articleList /usr/local/nginx/html/blog/Application/Runtime/Cache/Back/9ee633c53a9b5146604336c22eb9ac70.php 第 160 行.
NOTIC: [8] Undefined variable: articleList /usr/local/nginx/html/blog/Application/Runtime/Cache/Back/9ee633c53a9b5146604336c22eb9ac70.php 第 165 行.
NOTIC: [8] Undefined variable: articleList /usr/local/nginx/html/blog/Application/Runtime/Cache/Back/9ee633c53a9b5146604336c22eb9ac70.php 第 174 行.
INFO: Run Behavior\ParseTemplateBehavior [ RunTime:0.004161s ]
INFO: [ view_parse ] --END-- [ RunTime:0.004182s ]
INFO: [ view_filter ] --START--
INFO: Run Behavior\WriteHtmlCacheBehavior [ RunTime:0.000031s ]
INFO: [ view_filter ] --END-- [ RunTime:0.000045s ]
INFO: [ app_end ] --START--
INFO: Run Behavior\ShowPageTraceBehavior [ RunTime:0.000036s ]
INFO: [ app_end ] --END-- [ RunTime:0.000053s ]

[ 2017-04-10T16:38:06+08:00 ] 183.38.244.244 /Back.php/Article/set.html
INFO: [ app_init ] --START--
INFO: Run Behavior\BuildLiteBehavior [ RunTime:0.000006s ]
INFO: [ app_init ] --END-- [ RunTime:0.000035s ]
INFO: [ app_begin ] --START--
INFO: Run Behavior\ReadHtmlCacheBehavior [ RunTime:0.000013s ]
INFO: [ app_begin ] --END-- [ RunTime:0.000026s ]
NOTIC: [8] Undefined index: validate /usr/local/nginx/html/blog/ThinkPHP/Library/Think/Model.class.php 第 1185 行.
NOTIC: [8] Undefined index: auto /usr/local/nginx/html/blog/ThinkPHP/Library/Think/Model.class.php 第 1128 行.
NOTIC: [2] call_user_func() expects parameter 1 to be a valid callback, no array or string given /usr/local/nginx/html/blog/ThinkPHP/Library/Think/Upload.class.php 第 170 行.
NOTIC: [2] unlink(0): No such file or directory /usr/local/nginx/html/blog/Application/Back/Controller/ArticleController.class.php 第 47 行.
NOTIC: [2] array_diff(): Argument #1 is not an array /usr/local/nginx/html/blog/Application/Back/Controller/ArticleController.class.php 第 60 行.
SQL: SHOW COLUMNS FROM `article_content` [ RunTime:0.0005s ]
NOTIC: [8] Undefined index: contentid /usr/local/nginx/html/blog/Application/Back/Model/ArticleModel.class.php 第 36 行.
NOTIC: [8] Undefined index: id /usr/local/nginx/html/blog/Application/Back/Model/ArticleModel.class.php 第 46 行.
SQL: INSERT INTO `article` (`user_id`,`category_id`,`subject`,`summary`,`top`,`status`,`create_time`,`cover`) VALUES ('2','7','测试','轻轻巧巧','1','1','1491813486','Public/Upload/20170410/58eb446eb4c7e.jpg') [ RunTime:0.0002s ]
SQL: INSERT INTO `article_content` (`content`,`img`,`id`,`article_id`) VALUES ('<p>呜呜呜呜</p>','s:0:\"\";',NULL,'7') [ RunTime:0.0001s ]
NOTIC: [8] Use of undefined constant BACK_URL - assumed 'BACK_URL' /usr/local/nginx/html/blog/Application/Back/Controller/ArticleController.class.php 第 70 行.

[ 2017-04-10T16:38:08+08:00 ] 183.38.244.244 /Back.php/Article/list.html
INFO: [ app_init ] --START--
INFO: Run Behavior\BuildLiteBehavior [ RunTime:0.000006s ]
INFO: [ app_init ] --END-- [ RunTime:0.000040s ]
INFO: [ app_begin ] --START--
INFO: Run Behavior\ReadHtmlCacheBehavior [ RunTime:0.000013s ]
INFO: [ app_begin ] --END-- [ RunTime:0.000024s ]
SQL: SELECT COUNT(*) AS tp_count FROM `article` LIMIT 1   [ RunTime:0.0003s ]
NOTIC: [8] Use of undefined constant BACK_PAGE - assumed 'BACK_PAGE' /usr/local/nginx/html/blog/Application/Back/Controller/ArticleController.class.php 第 96 行.
NOTIC: [8] Use of undefined constant BACK_PAGE - assumed 'BACK_PAGE' /usr/local/nginx/html/blog/Application/Back/Controller/ArticleController.class.php 第 103 行.
SQL: SELECT `id`,`category_id`,`subject`,`summary`,`create_time`,`top`,`status` FROM `article` LIMIT 0,10   [ RunTime:0.0002s ]
SQL: SELECT * FROM `category`  [ RunTime:0.0002s ]
NOTIC: [8] Use of undefined constant BACK_PAGE - assumed 'BACK_PAGE' /usr/local/nginx/html/blog/Application/Back/Controller/ArticleController.class.php 第 121 行.
NOTIC: [8] Use of undefined constant BACK_URL - assumed 'BACK_URL' /usr/local/nginx/html/blog/Application/Back/Controller/ArticleController.class.php 第 124 行.
INFO: [ view_parse ] --START--
INFO: [ template_filter ] --START--
INFO: Run Behavior\ContentReplaceBehavior [ RunTime:0.000054s ]
INFO: [ template_filter ] --END-- [ RunTime:0.000078s ]
NOTIC: [8] Undefined variable: category /usr/local/nginx/html/blog/Application/Runtime/Cache/Back/bd75a1f5bae92db7fbb63367fc59b7b4.php 第 77 行.
INFO: Run Behavior\ParseTemplateBehavior [ RunTime:0.003065s ]
INFO: [ view_parse ] --END-- [ RunTime:0.003086s ]
INFO: [ view_filter ] --START--
INFO: Run Behavior\WriteHtmlCacheBehavior [ RunTime:0.000023s ]
INFO: [ view_filter ] --END-- [ RunTime:0.000038s ]
INFO: [ app_end ] --START--
INFO: Run Behavior\ShowPageTraceBehavior [ RunTime:0.000023s ]
INFO: [ app_end ] --END-- [ RunTime:0.000057s ]

[ 2017-04-10T16:39:38+08:00 ] 183.38.244.244 /Back.php/Article/delete/id/7.html
INFO: [ app_init ] --START--
INFO: Run Behavior\BuildLiteBehavior [ RunTime:0.000008s ]
INFO: [ app_init ] --END-- [ RunTime:0.000049s ]
INFO: [ app_begin ] --START--
INFO: Run Behavior\ReadHtmlCacheBehavior [ RunTime:0.000019s ]
INFO: [ app_begin ] --END-- [ RunTime:0.000037s ]
SQL: SELECT article_content.id as articleContentId,`img`,`cover` FROM `article` INNER JOIN article_content ON article.id = article_content.article_id  WHERE article.id = '7' LIMIT 1   [ RunTime:0.0004s ]
SQL: DELETE FROM `article` WHERE `id` = 7 [ RunTime:0.0003s ]
SQL: DELETE FROM `article_content` WHERE `id` = 7 [ RunTime:0.0002s ]
NOTIC: [8] Use of undefined constant BACK_URL - assumed 'BACK_URL' /usr/local/nginx/html/blog/Application/Back/Controller/ArticleController.class.php 第 156 行.

[ 2017-04-10T16:39:40+08:00 ] 183.38.244.244 /Back.php/Article/list.html
INFO: [ app_init ] --START--
INFO: Run Behavior\BuildLiteBehavior [ RunTime:0.000007s ]
INFO: [ app_init ] --END-- [ RunTime:0.000042s ]
INFO: [ app_begin ] --START--
INFO: Run Behavior\ReadHtmlCacheBehavior [ RunTime:0.000014s ]
INFO: [ app_begin ] --END-- [ RunTime:0.000026s ]
SQL: SELECT COUNT(*) AS tp_count FROM `article` LIMIT 1   [ RunTime:0.0002s ]
NOTIC: [8] Use of undefined constant BACK_PAGE - assumed 'BACK_PAGE' /usr/local/nginx/html/blog/Application/Back/Controller/ArticleController.class.php 第 96 行.
NOTIC: [8] Use of undefined constant BACK_PAGE - assumed 'BACK_PAGE' /usr/local/nginx/html/blog/Application/Back/Controller/ArticleController.class.php 第 103 行.
SQL: SELECT `id`,`category_id`,`subject`,`summary`,`create_time`,`top`,`status` FROM `article` LIMIT 0,10   [ RunTime:0.0002s ]
SQL: SELECT * FROM `category`  [ RunTime:0.0002s ]
NOTIC: [8] Use of undefined constant BACK_PAGE - assumed 'BACK_PAGE' /usr/local/nginx/html/blog/Application/Back/Controller/ArticleController.class.php 第 121 行.
NOTIC: [8] Use of undefined constant BACK_URL - assumed 'BACK_URL' /usr/local/nginx/html/blog/Application/Back/Controller/ArticleController.class.php 第 124 行.
INFO: [ view_parse ] --START--
INFO: [ template_filter ] --START--
INFO: Run Behavior\ContentReplaceBehavior [ RunTime:0.000043s ]
INFO: [ template_filter ] --END-- [ RunTime:0.000059s ]
NOTIC: [8] Undefined variable: category /usr/local/nginx/html/blog/Application/Runtime/Cache/Back/bd75a1f5bae92db7fbb63367fc59b7b4.php 第 77 行.
INFO: Run Behavior\ParseTemplateBehavior [ RunTime:0.002273s ]
INFO: [ view_parse ] --END-- [ RunTime:0.002290s ]
INFO: [ view_filter ] --START--
INFO: Run Behavior\WriteHtmlCacheBehavior [ RunTime:0.000022s ]
INFO: [ view_filter ] --END-- [ RunTime:0.000034s ]
INFO: [ app_end ] --START--
INFO: Run Behavior\ShowPageTraceBehavior [ RunTime:0.000018s ]
INFO: [ app_end ] --END-- [ RunTime:0.000031s ]

[ 2017-04-10T19:11:25+08:00 ] 183.57.53.197 /Back.php/Index/index.html
INFO: [ app_init ] --START--
INFO: Run Behavior\BuildLiteBehavior [ RunTime:0.000005s ]
INFO: [ app_init ] --END-- [ RunTime:0.000034s ]
INFO: [ app_begin ] --START--
INFO: Run Behavior\ReadHtmlCacheBehavior [ RunTime:0.000015s ]
INFO: [ app_begin ] --END-- [ RunTime:0.000029s ]
NOTIC: [8] Use of undefined constant BACK_URL - assumed 'BACK_URL' /usr/local/nginx/html/blog/Application/Back/Controller/IndexController.class.php 第 14 行.

[ 2017-04-10T19:15:08+08:00 ] 183.57.53.197 /Back.php/Login/checkVerify.html
INFO: [ app_init ] --START--
INFO: Run Behavior\BuildLiteBehavior [ RunTime:0.000008s ]
INFO: [ app_init ] --END-- [ RunTime:0.000045s ]
INFO: [ app_begin ] --START--
INFO: Run Behavior\ReadHtmlCacheBehavior [ RunTime:0.000019s ]
INFO: [ app_begin ] --END-- [ RunTime:0.000035s ]
INFO: [ app_end ] --START--
INFO: Run Behavior\ShowPageTraceBehavior [ RunTime:0.000026s ]
INFO: [ app_end ] --END-- [ RunTime:0.000047s ]

[ 2017-04-10T19:15:17+08:00 ] 140.207.185.107 /Back.php/Login/checkVerify.html
INFO: [ app_init ] --START--
INFO: Run Behavior\BuildLiteBehavior [ RunTime:0.000006s ]
INFO: [ app_init ] --END-- [ RunTime:0.000034s ]
INFO: [ app_begin ] --START--
INFO: Run Behavior\ReadHtmlCacheBehavior [ RunTime:0.000017s ]
INFO: [ app_begin ] --END-- [ RunTime:0.000032s ]
INFO: [ app_end ] --START--
INFO: Run Behavior\ShowPageTraceBehavior [ RunTime:0.000024s ]
INFO: [ app_end ] --END-- [ RunTime:0.000043s ]

[ 2017-04-10T19:22:20+08:00 ] 101.226.66.191 /Back.php/Index/index.html
INFO: [ app_init ] --START--
INFO: Run Behavior\BuildLiteBehavior [ RunTime:0.000009s ]
INFO: [ app_init ] --END-- [ RunTime:0.000057s ]
INFO: [ app_begin ] --START--
INFO: Run Behavior\ReadHtmlCacheBehavior [ RunTime:0.000023s ]
INFO: [ app_begin ] --END-- [ RunTime:0.000039s ]
NOTIC: [8] Use of undefined constant BACK_URL - assumed 'BACK_URL' /usr/local/nginx/html/blog/Application/Back/Controller/IndexController.class.php 第 14 行.

[ 2017-04-10T19:24:11+08:00 ] 112.90.82.218 /Back.php/Login/login.html
INFO: [ app_init ] --START--
INFO: Run Behavior\BuildLiteBehavior [ RunTime:0.000008s ]
INFO: [ app_init ] --END-- [ RunTime:0.000058s ]
INFO: [ app_begin ] --START--
INFO: Run Behavior\ReadHtmlCacheBehavior [ RunTime:0.000020s ]
INFO: [ app_begin ] --END-- [ RunTime:0.000038s ]
INFO: [ view_parse ] --START--
INFO: [ template_filter ] --START--
INFO: Run Behavior\ContentReplaceBehavior [ RunTime:0.000029s ]
INFO: [ template_filter ] --END-- [ RunTime:0.000045s ]
INFO: Run Behavior\ParseTemplateBehavior [ RunTime:0.001038s ]
INFO: [ view_parse ] --END-- [ RunTime:0.001052s ]
INFO: [ view_filter ] --START--
INFO: Run Behavior\WriteHtmlCacheBehavior [ RunTime:0.000016s ]
INFO: [ view_filter ] --END-- [ RunTime:0.000025s ]
INFO: [ app_end ] --START--
INFO: Run Behavior\ShowPageTraceBehavior [ RunTime:0.000019s ]
INFO: [ app_end ] --END-- [ RunTime:0.000032s ]

[ 2017-04-10T19:24:21+08:00 ] 101.226.64.177 /Back.php/Login/login.html
INFO: [ app_init ] --START--
INFO: Run Behavior\BuildLiteBehavior [ RunTime:0.000007s ]
INFO: [ app_init ] --END-- [ RunTime:0.000058s ]
INFO: [ app_begin ] --START--
INFO: Run Behavior\ReadHtmlCacheBehavior [ RunTime:0.000021s ]
INFO: [ app_begin ] --END-- [ RunTime:0.000034s ]
INFO: [ view_parse ] --START--
INFO: [ template_filter ] --START--
INFO: Run Behavior\ContentReplaceBehavior [ RunTime:0.000028s ]
INFO: [ template_filter ] --END-- [ RunTime:0.000043s ]
INFO: Run Behavior\ParseTemplateBehavior [ RunTime:0.001079s ]
INFO: [ view_parse ] --END-- [ RunTime:0.001095s ]
INFO: [ view_filter ] --START--
INFO: Run Behavior\WriteHtmlCacheBehavior [ RunTime:0.000017s ]
INFO: [ view_filter ] --END-- [ RunTime:0.000024s ]
INFO: [ app_end ] --START--
INFO: Run Behavior\ShowPageTraceBehavior [ RunTime:0.000012s ]
INFO: [ app_end ] --END-- [ RunTime:0.000019s ]

[ 2017-04-10T19:24:41+08:00 ] 183.57.53.196 /Back.php/Article/delete/id/7.html
INFO: [ app_init ] --START--
INFO: Run Behavior\BuildLiteBehavior [ RunTime:0.000009s ]
INFO: [ app_init ] --END-- [ RunTime:0.000066s ]
INFO: [ app_begin ] --START--
INFO: Run Behavior\ReadHtmlCacheBehavior [ RunTime:0.000040s ]
INFO: [ app_begin ] --END-- [ RunTime:0.000060s ]
NOTIC: [8] Use of undefined constant BACK_URL - assumed 'BACK_URL' /usr/local/nginx/html/blog/Application/Back/Controller/ArticleController.class.php 第 15 行.

[ 2017-04-10T19:24:50+08:00 ] 101.226.65.105 /Back.php/Article/delete/id/7.html
INFO: [ app_init ] --START--
INFO: Run Behavior\BuildLiteBehavior [ RunTime:0.000008s ]
INFO: [ app_init ] --END-- [ RunTime:0.000047s ]
INFO: [ app_begin ] --START--
INFO: Run Behavior\ReadHtmlCacheBehavior [ RunTime:0.000034s ]
INFO: [ app_begin ] --END-- [ RunTime:0.000052s ]
NOTIC: [8] Use of undefined constant BACK_URL - assumed 'BACK_URL' /usr/local/nginx/html/blog/Application/Back/Controller/ArticleController.class.php 第 15 行.

[ 2017-04-10T19:38:11+08:00 ] 101.226.33.238 /Back.php/Login/login.html
INFO: [ app_init ] --START--
INFO: Run Behavior\BuildLiteBehavior [ RunTime:0.000009s ]
INFO: [ app_init ] --END-- [ RunTime:0.000049s ]
INFO: [ app_begin ] --START--
INFO: Run Behavior\ReadHtmlCacheBehavior [ RunTime:0.000020s ]
INFO: [ app_begin ] --END-- [ RunTime:0.000038s ]
INFO: [ view_parse ] --START--
INFO: [ template_filter ] --START--
INFO: Run Behavior\ContentReplaceBehavior [ RunTime:0.000029s ]
INFO: [ template_filter ] --END-- [ RunTime:0.000045s ]
INFO: Run Behavior\ParseTemplateBehavior [ RunTime:0.001155s ]
INFO: [ view_parse ] --END-- [ RunTime:0.001174s ]
INFO: [ view_filter ] --START--
INFO: Run Behavior\WriteHtmlCacheBehavior [ RunTime:0.000021s ]
INFO: [ view_filter ] --END-- [ RunTime:0.000034s ]
INFO: [ app_end ] --START--
INFO: Run Behavior\ShowPageTraceBehavior [ RunTime:0.000017s ]
INFO: [ app_end ] --END-- [ RunTime:0.000029s ]

[ 2017-04-10T19:57:51+08:00 ] 101.226.33.237 /Back.php/Article/set/id/1.html
INFO: [ app_init ] --START--
INFO: Run Behavior\BuildLiteBehavior [ RunTime:0.000007s ]
INFO: [ app_init ] --END-- [ RunTime:0.000104s ]
INFO: [ app_begin ] --START--
INFO: Run Behavior\ReadHtmlCacheBehavior [ RunTime:0.000017s ]
INFO: [ app_begin ] --END-- [ RunTime:0.000029s ]
NOTIC: [8] Use of undefined constant BACK_URL - assumed 'BACK_URL' /usr/local/nginx/html/blog/Application/Back/Controller/ArticleController.class.php 第 15 行.

[ 2017-04-10T22:01:02+08:00 ] 101.226.51.226 /Back.php/Article/delete/id/7.html
INFO: [ app_init ] --START--
INFO: Run Behavior\BuildLiteBehavior [ RunTime:0.000006s ]
INFO: [ app_init ] --END-- [ RunTime:0.000040s ]
INFO: [ app_begin ] --START--
INFO: Run Behavior\ReadHtmlCacheBehavior [ RunTime:0.000022s ]
INFO: [ app_begin ] --END-- [ RunTime:0.000037s ]
NOTIC: [8] Use of undefined constant BACK_URL - assumed 'BACK_URL' /usr/local/nginx/html/blog/Application/Back/Controller/ArticleController.class.php 第 15 行.

[ 2017-04-10T22:27:30+08:00 ] 101.226.79.182 /Back.php/Login/login.html
INFO: [ app_init ] --START--
INFO: Run Behavior\BuildLiteBehavior [ RunTime:0.000006s ]
INFO: [ app_init ] --END-- [ RunTime:0.000040s ]
INFO: [ app_begin ] --START--
INFO: Run Behavior\ReadHtmlCacheBehavior [ RunTime:0.000021s ]
INFO: [ app_begin ] --END-- [ RunTime:0.000036s ]
INFO: [ view_parse ] --START--
INFO: [ template_filter ] --START--
INFO: Run Behavior\ContentReplaceBehavior [ RunTime:0.000029s ]
INFO: [ template_filter ] --END-- [ RunTime:0.000043s ]
INFO: Run Behavior\ParseTemplateBehavior [ RunTime:0.001040s ]
INFO: [ view_parse ] --END-- [ RunTime:0.001054s ]
INFO: [ view_filter ] --START--
INFO: Run Behavior\WriteHtmlCacheBehavior [ RunTime:0.000016s ]
INFO: [ view_filter ] --END-- [ RunTime:0.000024s ]
INFO: [ app_end ] --START--
INFO: Run Behavior\ShowPageTraceBehavior [ RunTime:0.000012s ]
INFO: [ app_end ] --END-- [ RunTime:0.000019s ]

[ 2017-04-10T22:35:37+08:00 ] 120.92.32.178 /Back.php/Login/login.html
INFO: [ app_init ] --START--
INFO: Run Behavior\BuildLiteBehavior [ RunTime:0.000006s ]
INFO: [ app_init ] --END-- [ RunTime:0.000033s ]
INFO: [ app_begin ] --START--
INFO: Run Behavior\ReadHtmlCacheBehavior [ RunTime:0.000014s ]
INFO: [ app_begin ] --END-- [ RunTime:0.000026s ]
INFO: [ view_parse ] --START--
INFO: [ template_filter ] --START--
INFO: Run Behavior\ContentReplaceBehavior [ RunTime:0.000032s ]
INFO: [ template_filter ] --END-- [ RunTime:0.000051s ]
INFO: Run Behavior\ParseTemplateBehavior [ RunTime:0.001078s ]
INFO: [ view_parse ] --END-- [ RunTime:0.001093s ]
INFO: [ view_filter ] --START--
INFO: Run Behavior\WriteHtmlCacheBehavior [ RunTime:0.000017s ]
INFO: [ view_filter ] --END-- [ RunTime:0.000025s ]
INFO: [ app_end ] --START--
INFO: Run Behavior\ShowPageTraceBehavior [ RunTime:0.000012s ]
INFO: [ app_end ] --END-- [ RunTime:0.000019s ]

