[ 2017-04-11T01:59:57+08:00 ] 104.192.74.19 /Back.php/Index/index.html
INFO: [ app_init ] --START--
INFO: Run Behavior\BuildLiteBehavior [ RunTime:0.000008s ]
INFO: [ app_init ] --END-- [ RunTime:0.000047s ]
INFO: [ app_begin ] --START--
INFO: Run Behavior\ReadHtmlCacheBehavior [ RunTime:0.000014s ]
INFO: [ app_begin ] --END-- [ RunTime:0.000026s ]
NOTIC: [8] Use of undefined constant BACK_URL - assumed 'BACK_URL' /usr/local/nginx/html/blog/Application/Back/Controller/IndexController.class.php 第 14 行.

[ 2017-04-11T01:59:58+08:00 ] 104.192.74.19 /Back.php/Index/index.html
INFO: [ app_init ] --START--
INFO: Run Behavior\BuildLiteBehavior [ RunTime:0.000005s ]
INFO: [ app_init ] --END-- [ RunTime:0.000035s ]
INFO: [ app_begin ] --START--
INFO: Run Behavior\ReadHtmlCacheBehavior [ RunTime:0.000012s ]
INFO: [ app_begin ] --END-- [ RunTime:0.000024s ]
NOTIC: [8] Use of undefined constant BACK_URL - assumed 'BACK_URL' /usr/local/nginx/html/blog/Application/Back/Controller/IndexController.class.php 第 14 行.

[ 2017-04-11T07:28:33+08:00 ] 140.207.124.105 /Back.php/Article/set/id/'%25253C/span%25253E+%252520objUrl%252520+%25253Cspan%252520class%253D
INFO: [ app_init ] --START--
INFO: Run Behavior\BuildLiteBehavior [ RunTime:0.000007s ]
INFO: [ app_init ] --END-- [ RunTime:0.000045s ]
INFO: [ app_begin ] --START--
INFO: Run Behavior\ReadHtmlCacheBehavior [ RunTime:0.000018s ]
INFO: [ app_begin ] --END-- [ RunTime:0.000033s ]
NOTIC: [8] Use of undefined constant BACK_URL - assumed 'BACK_URL' /usr/local/nginx/html/blog/Application/Back/Controller/ArticleController.class.php 第 15 行.

[ 2017-04-11T07:29:18+08:00 ] 101.226.33.208 /Back.php/Article/set/id/6.html
INFO: [ app_init ] --START--
INFO: Run Behavior\BuildLiteBehavior [ RunTime:0.000007s ]
INFO: [ app_init ] --END-- [ RunTime:0.000054s ]
INFO: [ app_begin ] --START--
INFO: Run Behavior\ReadHtmlCacheBehavior [ RunTime:0.000013s ]
INFO: [ app_begin ] --END-- [ RunTime:0.000025s ]
NOTIC: [8] Use of undefined constant BACK_URL - assumed 'BACK_URL' /usr/local/nginx/html/blog/Application/Back/Controller/ArticleController.class.php 第 15 行.

[ 2017-04-11T08:50:36+08:00 ] 183.38.244.244 /Back.php/Index/index.html
INFO: [ app_init ] --START--
INFO: Run Behavior\BuildLiteBehavior [ RunTime:0.000007s ]
INFO: [ app_init ] --END-- [ RunTime:0.000035s ]
INFO: [ app_begin ] --START--
INFO: Run Behavior\ReadHtmlCacheBehavior [ RunTime:0.000013s ]
INFO: [ app_begin ] --END-- [ RunTime:0.000025s ]
NOTIC: [8] Use of undefined constant BACK_URL - assumed 'BACK_URL' /usr/local/nginx/html/blog/Application/Back/Controller/IndexController.class.php 第 14 行.

[ 2017-04-11T08:50:38+08:00 ] 183.38.244.244 /Back.php/Login/login.html
INFO: [ app_init ] --START--
INFO: Run Behavior\BuildLiteBehavior [ RunTime:0.000007s ]
INFO: [ app_init ] --END-- [ RunTime:0.000041s ]
INFO: [ app_begin ] --START--
INFO: Run Behavior\ReadHtmlCacheBehavior [ RunTime:0.000026s ]
INFO: [ app_begin ] --END-- [ RunTime:0.000041s ]
INFO: [ view_parse ] --START--
INFO: [ template_filter ] --START--
INFO: Run Behavior\ContentReplaceBehavior [ RunTime:0.000030s ]
INFO: [ template_filter ] --END-- [ RunTime:0.000045s ]
INFO: Run Behavior\ParseTemplateBehavior [ RunTime:0.001144s ]
INFO: [ view_parse ] --END-- [ RunTime:0.001163s ]
INFO: [ view_filter ] --START--
INFO: Run Behavior\WriteHtmlCacheBehavior [ RunTime:0.000018s ]
INFO: [ view_filter ] --END-- [ RunTime:0.000029s ]
INFO: [ app_end ] --START--
INFO: Run Behavior\ShowPageTraceBehavior [ RunTime:0.000012s ]
INFO: [ app_end ] --END-- [ RunTime:0.000031s ]

[ 2017-04-11T08:50:38+08:00 ] 183.38.244.244 /Back.php/Login/checkVerify.html
INFO: [ app_init ] --START--
INFO: Run Behavior\BuildLiteBehavior [ RunTime:0.000013s ]
INFO: [ app_init ] --END-- [ RunTime:0.000047s ]
INFO: [ app_begin ] --START--
INFO: Run Behavior\ReadHtmlCacheBehavior [ RunTime:0.000013s ]
INFO: [ app_begin ] --END-- [ RunTime:0.000026s ]
INFO: [ app_end ] --START--
INFO: Run Behavior\ShowPageTraceBehavior [ RunTime:0.000019s ]
INFO: [ app_end ] --END-- [ RunTime:0.000036s ]

[ 2017-04-11T08:50:53+08:00 ] 183.38.244.244 /Back.php/Login/checkVerify.html
INFO: [ app_init ] --START--
INFO: Run Behavior\BuildLiteBehavior [ RunTime:0.000008s ]
INFO: [ app_init ] --END-- [ RunTime:0.000042s ]
INFO: [ app_begin ] --START--
INFO: Run Behavior\ReadHtmlCacheBehavior [ RunTime:0.000020s ]
INFO: [ app_begin ] --END-- [ RunTime:0.000037s ]

[ 2017-04-11T08:50:59+08:00 ] 183.38.244.244 /Back.php/Login/checkVerify.html?0.876611843197908
INFO: [ app_init ] --START--
INFO: Run Behavior\BuildLiteBehavior [ RunTime:0.000007s ]
INFO: [ app_init ] --END-- [ RunTime:0.000045s ]
INFO: [ app_begin ] --START--
INFO: Run Behavior\ReadHtmlCacheBehavior [ RunTime:0.000021s ]
INFO: [ app_begin ] --END-- [ RunTime:0.000040s ]
INFO: [ app_end ] --START--
INFO: Run Behavior\ShowPageTraceBehavior [ RunTime:0.000024s ]
INFO: [ app_end ] --END-- [ RunTime:0.000046s ]

[ 2017-04-11T08:51:06+08:00 ] 183.38.244.244 /Back.php/Login/checkVerify.html
INFO: [ app_init ] --START--
INFO: Run Behavior\BuildLiteBehavior [ RunTime:0.000006s ]
INFO: [ app_init ] --END-- [ RunTime:0.000034s ]
INFO: [ app_begin ] --START--
INFO: Run Behavior\ReadHtmlCacheBehavior [ RunTime:0.000019s ]
INFO: [ app_begin ] --END-- [ RunTime:0.000031s ]

[ 2017-04-11T08:51:08+08:00 ] 183.38.244.244 /Back.php/Login/checkVerify.html?0.9223713956815653
INFO: [ app_init ] --START--
INFO: Run Behavior\BuildLiteBehavior [ RunTime:0.000008s ]
INFO: [ app_init ] --END-- [ RunTime:0.000054s ]
INFO: [ app_begin ] --START--
INFO: Run Behavior\ReadHtmlCacheBehavior [ RunTime:0.000019s ]
INFO: [ app_begin ] --END-- [ RunTime:0.000038s ]
INFO: [ app_end ] --START--
INFO: Run Behavior\ShowPageTraceBehavior [ RunTime:0.000031s ]
INFO: [ app_end ] --END-- [ RunTime:0.000053s ]

[ 2017-04-11T08:51:11+08:00 ] 183.38.244.244 /Back.php/Login/checkVerify.html?0.13137889698380123
INFO: [ app_init ] --START--
INFO: Run Behavior\BuildLiteBehavior [ RunTime:0.000006s ]
INFO: [ app_init ] --END-- [ RunTime:0.000034s ]
INFO: [ app_begin ] --START--
INFO: Run Behavior\ReadHtmlCacheBehavior [ RunTime:0.000014s ]
INFO: [ app_begin ] --END-- [ RunTime:0.000027s ]
INFO: [ app_end ] --START--
INFO: Run Behavior\ShowPageTraceBehavior [ RunTime:0.000036s ]
INFO: [ app_end ] --END-- [ RunTime:0.000056s ]

[ 2017-04-11T08:51:17+08:00 ] 183.38.244.244 /Back.php/Login/checkVerify.html
INFO: [ app_init ] --START--
INFO: Run Behavior\BuildLiteBehavior [ RunTime:0.000010s ]
INFO: [ app_init ] --END-- [ RunTime:0.000052s ]
INFO: [ app_begin ] --START--
INFO: Run Behavior\ReadHtmlCacheBehavior [ RunTime:0.000020s ]
INFO: [ app_begin ] --END-- [ RunTime:0.000039s ]

[ 2017-04-11T08:51:17+08:00 ] 183.38.244.244 /Back.php/Login/login.html
INFO: [ app_init ] --START--
INFO: Run Behavior\BuildLiteBehavior [ RunTime:0.000009s ]
INFO: [ app_init ] --END-- [ RunTime:0.000075s ]
INFO: [ app_begin ] --START--
INFO: Run Behavior\ReadHtmlCacheBehavior [ RunTime:0.000019s ]
INFO: [ app_begin ] --END-- [ RunTime:0.000039s ]
SQL: SHOW COLUMNS FROM `admin` [ RunTime:0.0008s ]
SQL: SELECT * FROM `admin` WHERE `phone` = '18128167616' LIMIT 1   [ RunTime:0.0003s ]
NOTIC: [8] Use of undefined constant BACK_URL - assumed 'BACK_URL' /usr/local/nginx/html/blog/Application/Back/Controller/LoginController.class.php 第 18 行.

[ 2017-04-11T08:51:19+08:00 ] 183.38.244.244 /Back.php/Index/index.html
INFO: [ app_init ] --START--
INFO: Run Behavior\BuildLiteBehavior [ RunTime:0.000007s ]
INFO: [ app_init ] --END-- [ RunTime:0.000035s ]
INFO: [ app_begin ] --START--
INFO: Run Behavior\ReadHtmlCacheBehavior [ RunTime:0.000016s ]
INFO: [ app_begin ] --END-- [ RunTime:0.000031s ]
INFO: [ view_parse ] --START--
INFO: [ template_filter ] --START--
INFO: Run Behavior\ContentReplaceBehavior [ RunTime:0.000033s ]
INFO: [ template_filter ] --END-- [ RunTime:0.000049s ]
NOTIC: [8] Undefined variable: articleList /usr/local/nginx/html/blog/Application/Runtime/Cache/Back/c902602000c317a06dd48fdd319834e9.php 第 61 行.
NOTIC: [8] Undefined variable: category /usr/local/nginx/html/blog/Application/Runtime/Cache/Back/c902602000c317a06dd48fdd319834e9.php 第 77 行.
INFO: Run Behavior\ParseTemplateBehavior [ RunTime:0.001465s ]
INFO: [ view_parse ] --END-- [ RunTime:0.001478s ]
INFO: [ view_filter ] --START--
INFO: Run Behavior\WriteHtmlCacheBehavior [ RunTime:0.000017s ]
INFO: [ view_filter ] --END-- [ RunTime:0.000025s ]
INFO: [ app_end ] --START--
INFO: Run Behavior\ShowPageTraceBehavior [ RunTime:0.000011s ]
INFO: [ app_end ] --END-- [ RunTime:0.000019s ]

[ 2017-04-11T08:51:25+08:00 ] 183.38.244.244 /Back.php/Article/list.html
INFO: [ app_init ] --START--
INFO: Run Behavior\BuildLiteBehavior [ RunTime:0.000006s ]
INFO: [ app_init ] --END-- [ RunTime:0.000038s ]
INFO: [ app_begin ] --START--
INFO: Run Behavior\ReadHtmlCacheBehavior [ RunTime:0.000018s ]
INFO: [ app_begin ] --END-- [ RunTime:0.000030s ]
SQL: SELECT COUNT(*) AS tp_count FROM `article` LIMIT 1   [ RunTime:0.0002s ]
NOTIC: [8] Use of undefined constant BACK_PAGE - assumed 'BACK_PAGE' /usr/local/nginx/html/blog/Application/Back/Controller/ArticleController.class.php 第 96 行.
NOTIC: [8] Use of undefined constant BACK_PAGE - assumed 'BACK_PAGE' /usr/local/nginx/html/blog/Application/Back/Controller/ArticleController.class.php 第 103 行.
SQL: SELECT `id`,`category_id`,`subject`,`summary`,`create_time`,`top`,`status` FROM `article` LIMIT 0,10   [ RunTime:0.0002s ]
SQL: SELECT * FROM `category`  [ RunTime:0.0001s ]
NOTIC: [8] Use of undefined constant BACK_PAGE - assumed 'BACK_PAGE' /usr/local/nginx/html/blog/Application/Back/Controller/ArticleController.class.php 第 121 行.
NOTIC: [8] Use of undefined constant BACK_URL - assumed 'BACK_URL' /usr/local/nginx/html/blog/Application/Back/Controller/ArticleController.class.php 第 124 行.
INFO: [ view_parse ] --START--
INFO: [ template_filter ] --START--
INFO: Run Behavior\ContentReplaceBehavior [ RunTime:0.000044s ]
INFO: [ template_filter ] --END-- [ RunTime:0.000060s ]
NOTIC: [8] Undefined variable: category /usr/local/nginx/html/blog/Application/Runtime/Cache/Back/bd75a1f5bae92db7fbb63367fc59b7b4.php 第 77 行.
INFO: Run Behavior\ParseTemplateBehavior [ RunTime:0.002117s ]
INFO: [ view_parse ] --END-- [ RunTime:0.002132s ]
INFO: [ view_filter ] --START--
INFO: Run Behavior\WriteHtmlCacheBehavior [ RunTime:0.000021s ]
INFO: [ view_filter ] --END-- [ RunTime:0.000030s ]
INFO: [ app_end ] --START--
INFO: Run Behavior\ShowPageTraceBehavior [ RunTime:0.000018s ]
INFO: [ app_end ] --END-- [ RunTime:0.000028s ]

[ 2017-04-11T08:51:31+08:00 ] 183.38.244.244 /Back.php/Article/delete/id/6.html
INFO: [ app_init ] --START--
INFO: Run Behavior\BuildLiteBehavior [ RunTime:0.000008s ]
INFO: [ app_init ] --END-- [ RunTime:0.000052s ]
INFO: [ app_begin ] --START--
INFO: Run Behavior\ReadHtmlCacheBehavior [ RunTime:0.000021s ]
INFO: [ app_begin ] --END-- [ RunTime:0.000041s ]
SQL: SELECT article_content.id as articleContentId,`img`,`cover` FROM `article` INNER JOIN article_content ON article.id = article_content.article_id  WHERE article.id = '6' LIMIT 1   [ RunTime:0.0004s ]
SQL: DELETE FROM `article` WHERE `id` = 6 [ RunTime:0.0002s ]
SQL: DELETE FROM `article_content` WHERE `id` = 6 [ RunTime:0.0002s ]
NOTIC: [8] Use of undefined constant BACK_URL - assumed 'BACK_URL' /usr/local/nginx/html/blog/Application/Back/Controller/ArticleController.class.php 第 156 行.

[ 2017-04-11T08:51:34+08:00 ] 183.38.244.244 /Back.php/Article/list.html
INFO: [ app_init ] --START--
INFO: Run Behavior\BuildLiteBehavior [ RunTime:0.000006s ]
INFO: [ app_init ] --END-- [ RunTime:0.000032s ]
INFO: [ app_begin ] --START--
INFO: Run Behavior\ReadHtmlCacheBehavior [ RunTime:0.000013s ]
INFO: [ app_begin ] --END-- [ RunTime:0.000024s ]
SQL: SELECT COUNT(*) AS tp_count FROM `article` LIMIT 1   [ RunTime:0.0002s ]
NOTIC: [8] Use of undefined constant BACK_PAGE - assumed 'BACK_PAGE' /usr/local/nginx/html/blog/Application/Back/Controller/ArticleController.class.php 第 96 行.
NOTIC: [8] Use of undefined constant BACK_PAGE - assumed 'BACK_PAGE' /usr/local/nginx/html/blog/Application/Back/Controller/ArticleController.class.php 第 103 行.
SQL: SELECT `id`,`category_id`,`subject`,`summary`,`create_time`,`top`,`status` FROM `article` LIMIT 0,10   [ RunTime:0.0003s ]
SQL: SELECT * FROM `category`  [ RunTime:0.0002s ]
NOTIC: [8] Use of undefined constant BACK_PAGE - assumed 'BACK_PAGE' /usr/local/nginx/html/blog/Application/Back/Controller/ArticleController.class.php 第 121 行.
NOTIC: [8] Use of undefined constant BACK_URL - assumed 'BACK_URL' /usr/local/nginx/html/blog/Application/Back/Controller/ArticleController.class.php 第 124 行.
INFO: [ view_parse ] --START--
INFO: [ template_filter ] --START--
INFO: Run Behavior\ContentReplaceBehavior [ RunTime:0.000044s ]
INFO: [ template_filter ] --END-- [ RunTime:0.000060s ]
NOTIC: [8] Undefined variable: category /usr/local/nginx/html/blog/Application/Runtime/Cache/Back/bd75a1f5bae92db7fbb63367fc59b7b4.php 第 77 行.
INFO: Run Behavior\ParseTemplateBehavior [ RunTime:0.002374s ]
INFO: [ view_parse ] --END-- [ RunTime:0.002391s ]
INFO: [ view_filter ] --START--
INFO: Run Behavior\WriteHtmlCacheBehavior [ RunTime:0.000017s ]
INFO: [ view_filter ] --END-- [ RunTime:0.000025s ]
INFO: [ app_end ] --START--
INFO: Run Behavior\ShowPageTraceBehavior [ RunTime:0.000016s ]
INFO: [ app_end ] --END-- [ RunTime:0.000026s ]

[ 2017-04-11T09:04:37+08:00 ] 183.38.244.244 /Back.php/Article/set.html
INFO: [ app_init ] --START--
INFO: Run Behavior\BuildLiteBehavior [ RunTime:0.000009s ]
INFO: [ app_init ] --END-- [ RunTime:0.000053s ]
INFO: [ app_begin ] --START--
INFO: Run Behavior\ReadHtmlCacheBehavior [ RunTime:0.000023s ]
INFO: [ app_begin ] --END-- [ RunTime:0.000042s ]
SQL: SELECT * FROM `category`  [ RunTime:0.0003s ]
INFO: [ view_parse ] --START--
INFO: [ template_filter ] --START--
INFO: Run Behavior\ContentReplaceBehavior [ RunTime:0.000065s ]
INFO: [ template_filter ] --END-- [ RunTime:0.000081s ]
NOTIC: [8] Undefined variable: articleList /usr/local/nginx/html/blog/Application/Runtime/Cache/Back/9ee633c53a9b5146604336c22eb9ac70.php 第 64 行.
NOTIC: [8] Undefined variable: category /usr/local/nginx/html/blog/Application/Runtime/Cache/Back/9ee633c53a9b5146604336c22eb9ac70.php 第 80 行.
NOTIC: [8] Undefined variable: articleList /usr/local/nginx/html/blog/Application/Runtime/Cache/Back/9ee633c53a9b5146604336c22eb9ac70.php 第 124 行.
NOTIC: [8] Undefined variable: articleList /usr/local/nginx/html/blog/Application/Runtime/Cache/Back/9ee633c53a9b5146604336c22eb9ac70.php 第 137 行.
NOTIC: [8] Undefined variable: articleList /usr/local/nginx/html/blog/Application/Runtime/Cache/Back/9ee633c53a9b5146604336c22eb9ac70.php 第 137 行.
NOTIC: [8] Undefined variable: articleList /usr/local/nginx/html/blog/Application/Runtime/Cache/Back/9ee633c53a9b5146604336c22eb9ac70.php 第 137 行.
NOTIC: [8] Undefined variable: articleList /usr/local/nginx/html/blog/Application/Runtime/Cache/Back/9ee633c53a9b5146604336c22eb9ac70.php 第 137 行.
NOTIC: [8] Undefined variable: articleList /usr/local/nginx/html/blog/Application/Runtime/Cache/Back/9ee633c53a9b5146604336c22eb9ac70.php 第 137 行.
NOTIC: [8] Undefined variable: articleList /usr/local/nginx/html/blog/Application/Runtime/Cache/Back/9ee633c53a9b5146604336c22eb9ac70.php 第 137 行.
NOTIC: [8] Undefined variable: articleList /usr/local/nginx/html/blog/Application/Runtime/Cache/Back/9ee633c53a9b5146604336c22eb9ac70.php 第 137 行.
NOTIC: [8] Undefined variable: articleList /usr/local/nginx/html/blog/Application/Runtime/Cache/Back/9ee633c53a9b5146604336c22eb9ac70.php 第 137 行.
NOTIC: [8] Undefined variable: articleList /usr/local/nginx/html/blog/Application/Runtime/Cache/Back/9ee633c53a9b5146604336c22eb9ac70.php 第 144 行.
NOTIC: [8] Undefined variable: articleList /usr/local/nginx/html/blog/Application/Runtime/Cache/Back/9ee633c53a9b5146604336c22eb9ac70.php 第 147 行.
NOTIC: [8] Undefined variable: articleList /usr/local/nginx/html/blog/Application/Runtime/Cache/Back/9ee633c53a9b5146604336c22eb9ac70.php 第 156 行.
NOTIC: [8] Undefined variable: articleList /usr/local/nginx/html/blog/Application/Runtime/Cache/Back/9ee633c53a9b5146604336c22eb9ac70.php 第 160 行.
NOTIC: [8] Undefined variable: articleList /usr/local/nginx/html/blog/Application/Runtime/Cache/Back/9ee633c53a9b5146604336c22eb9ac70.php 第 165 行.
NOTIC: [8] Undefined variable: articleList /usr/local/nginx/html/blog/Application/Runtime/Cache/Back/9ee633c53a9b5146604336c22eb9ac70.php 第 174 行.
INFO: Run Behavior\ParseTemplateBehavior [ RunTime:0.003622s ]
INFO: [ view_parse ] --END-- [ RunTime:0.003638s ]
INFO: [ view_filter ] --START--
INFO: Run Behavior\WriteHtmlCacheBehavior [ RunTime:0.000017s ]
INFO: [ view_filter ] --END-- [ RunTime:0.000025s ]
INFO: [ app_end ] --START--
INFO: Run Behavior\ShowPageTraceBehavior [ RunTime:0.000015s ]
INFO: [ app_end ] --END-- [ RunTime:0.000025s ]

[ 2017-04-11T09:05:46+08:00 ] 183.38.244.244 /Back.php/Article/set.html
INFO: [ app_init ] --START--
INFO: Run Behavior\BuildLiteBehavior [ RunTime:0.000008s ]
INFO: [ app_init ] --END-- [ RunTime:0.000045s ]
INFO: [ app_begin ] --START--
INFO: Run Behavior\ReadHtmlCacheBehavior [ RunTime:0.000022s ]
INFO: [ app_begin ] --END-- [ RunTime:0.000038s ]
NOTIC: [8] Undefined index: validate /usr/local/nginx/html/blog/ThinkPHP/Library/Think/Model.class.php 第 1185 行.
NOTIC: [8] Undefined index: auto /usr/local/nginx/html/blog/ThinkPHP/Library/Think/Model.class.php 第 1128 行.
NOTIC: [2] call_user_func() expects parameter 1 to be a valid callback, no array or string given /usr/local/nginx/html/blog/ThinkPHP/Library/Think/Upload.class.php 第 170 行.
NOTIC: [2] unlink(0): No such file or directory /usr/local/nginx/html/blog/Application/Back/Controller/ArticleController.class.php 第 47 行.
NOTIC: [2] array_diff(): Argument #1 is not an array /usr/local/nginx/html/blog/Application/Back/Controller/ArticleController.class.php 第 60 行.
NOTIC: [8] Undefined index: contentid /usr/local/nginx/html/blog/Application/Back/Model/ArticleModel.class.php 第 36 行.
NOTIC: [8] Undefined index: id /usr/local/nginx/html/blog/Application/Back/Model/ArticleModel.class.php 第 46 行.
SQL: INSERT INTO `article` (`user_id`,`category_id`,`subject`,`summary`,`top`,`status`,`create_time`,`cover`) VALUES ('2','1','测试','测试啊','0','1','1491872746','Public/Upload/20170411/58ec2bea05035.jpg') [ RunTime:0.0004s ]
SQL: INSERT INTO `article_content` (`content`,`img`,`id`,`article_id`) VALUES ('<p>都说了测试了</p>','s:0:\"\";',NULL,'8') [ RunTime:0.0002s ]
NOTIC: [8] Use of undefined constant BACK_URL - assumed 'BACK_URL' /usr/local/nginx/html/blog/Application/Back/Controller/ArticleController.class.php 第 70 行.

[ 2017-04-11T09:05:48+08:00 ] 183.38.244.244 /Back.php/Article/list.html
INFO: [ app_init ] --START--
INFO: Run Behavior\BuildLiteBehavior [ RunTime:0.000007s ]
INFO: [ app_init ] --END-- [ RunTime:0.000047s ]
INFO: [ app_begin ] --START--
INFO: Run Behavior\ReadHtmlCacheBehavior [ RunTime:0.000019s ]
INFO: [ app_begin ] --END-- [ RunTime:0.000037s ]
SQL: SELECT COUNT(*) AS tp_count FROM `article` LIMIT 1   [ RunTime:0.0003s ]
NOTIC: [8] Use of undefined constant BACK_PAGE - assumed 'BACK_PAGE' /usr/local/nginx/html/blog/Application/Back/Controller/ArticleController.class.php 第 96 行.
NOTIC: [8] Use of undefined constant BACK_PAGE - assumed 'BACK_PAGE' /usr/local/nginx/html/blog/Application/Back/Controller/ArticleController.class.php 第 103 行.
SQL: SELECT `id`,`category_id`,`subject`,`summary`,`create_time`,`top`,`status` FROM `article` LIMIT 0,10   [ RunTime:0.0002s ]
SQL: SELECT * FROM `category`  [ RunTime:0.0002s ]
NOTIC: [8] Use of undefined constant BACK_PAGE - assumed 'BACK_PAGE' /usr/local/nginx/html/blog/Application/Back/Controller/ArticleController.class.php 第 121 行.
NOTIC: [8] Use of undefined constant BACK_URL - assumed 'BACK_URL' /usr/local/nginx/html/blog/Application/Back/Controller/ArticleController.class.php 第 124 行.
INFO: [ view_parse ] --START--
INFO: [ template_filter ] --START--
INFO: Run Behavior\ContentReplaceBehavior [ RunTime:0.000064s ]
INFO: [ template_filter ] --END-- [ RunTime:0.000087s ]
NOTIC: [8] Undefined variable: category /usr/local/nginx/html/blog/Application/Runtime/Cache/Back/bd75a1f5bae92db7fbb63367fc59b7b4.php 第 77 行.
INFO: Run Behavior\ParseTemplateBehavior [ RunTime:0.002867s ]
INFO: [ view_parse ] --END-- [ RunTime:0.002886s ]
INFO: [ view_filter ] --START--
INFO: Run Behavior\WriteHtmlCacheBehavior [ RunTime:0.000033s ]
INFO: [ view_filter ] --END-- [ RunTime:0.000045s ]
INFO: [ app_end ] --START--
INFO: Run Behavior\ShowPageTraceBehavior [ RunTime:0.000028s ]
INFO: [ app_end ] --END-- [ RunTime:0.000043s ]

[ 2017-04-11T09:25:47+08:00 ] 101.226.33.201 /Back.php/Article/set/id/4.html
INFO: [ app_init ] --START--
INFO: Run Behavior\BuildLiteBehavior [ RunTime:0.000005s ]
INFO: [ app_init ] --END-- [ RunTime:0.000039s ]
INFO: [ app_begin ] --START--
INFO: Run Behavior\ReadHtmlCacheBehavior [ RunTime:0.000014s ]
INFO: [ app_begin ] --END-- [ RunTime:0.000026s ]
NOTIC: [8] Use of undefined constant BACK_URL - assumed 'BACK_URL' /usr/local/nginx/html/blog/Application/Back/Controller/ArticleController.class.php 第 15 行.

[ 2017-04-11T09:25:47+08:00 ] 180.153.160.24 /Back.php/Article/set/id/4.html
INFO: [ app_init ] --START--
INFO: Run Behavior\BuildLiteBehavior [ RunTime:0.000007s ]
INFO: [ app_init ] --END-- [ RunTime:0.000045s ]
INFO: [ app_begin ] --START--
INFO: Run Behavior\ReadHtmlCacheBehavior [ RunTime:0.000013s ]
INFO: [ app_begin ] --END-- [ RunTime:0.000025s ]
NOTIC: [8] Use of undefined constant BACK_URL - assumed 'BACK_URL' /usr/local/nginx/html/blog/Application/Back/Controller/ArticleController.class.php 第 15 行.

[ 2017-04-11T09:25:47+08:00 ] 112.65.193.14 /Back.php/Article/set/id/4.html
INFO: [ app_init ] --START--
INFO: Run Behavior\BuildLiteBehavior [ RunTime:0.000007s ]
INFO: [ app_init ] --END-- [ RunTime:0.000055s ]
INFO: [ app_begin ] --START--
INFO: Run Behavior\ReadHtmlCacheBehavior [ RunTime:0.000022s ]
INFO: [ app_begin ] --END-- [ RunTime:0.000059s ]
NOTIC: [8] Use of undefined constant BACK_URL - assumed 'BACK_URL' /usr/local/nginx/html/blog/Application/Back/Controller/ArticleController.class.php 第 15 行.

[ 2017-04-11T09:25:53+08:00 ] 101.226.79.182 /Back.php/Article/set/id/4.html
INFO: [ app_init ] --START--
INFO: Run Behavior\BuildLiteBehavior [ RunTime:0.000008s ]
INFO: [ app_init ] --END-- [ RunTime:0.000047s ]
INFO: [ app_begin ] --START--
INFO: Run Behavior\ReadHtmlCacheBehavior [ RunTime:0.000018s ]
INFO: [ app_begin ] --END-- [ RunTime:0.000034s ]
NOTIC: [8] Use of undefined constant BACK_URL - assumed 'BACK_URL' /usr/local/nginx/html/blog/Application/Back/Controller/ArticleController.class.php 第 15 行.

[ 2017-04-11T09:38:04+08:00 ] 101.226.125.104 /Back.php/Article/set.html
INFO: [ app_init ] --START--
INFO: Run Behavior\BuildLiteBehavior [ RunTime:0.000006s ]
INFO: [ app_init ] --END-- [ RunTime:0.000038s ]
INFO: [ app_begin ] --START--
INFO: Run Behavior\ReadHtmlCacheBehavior [ RunTime:0.000018s ]
INFO: [ app_begin ] --END-- [ RunTime:0.000030s ]
NOTIC: [8] Use of undefined constant BACK_URL - assumed 'BACK_URL' /usr/local/nginx/html/blog/Application/Back/Controller/ArticleController.class.php 第 15 行.

[ 2017-04-11T10:00:52+08:00 ] 112.65.193.15 /Back.php/Article/set/id/'%2525253C/span%2525253E+%25252520objUrl%25252520+%2525253Cspan%25252520class%25253D
INFO: [ app_init ] --START--
INFO: Run Behavior\BuildLiteBehavior [ RunTime:0.000022s ]
INFO: [ app_init ] --END-- [ RunTime:0.000058s ]
INFO: [ app_begin ] --START--
INFO: Run Behavior\ReadHtmlCacheBehavior [ RunTime:0.000016s ]
INFO: [ app_begin ] --END-- [ RunTime:0.000031s ]
NOTIC: [8] Use of undefined constant BACK_URL - assumed 'BACK_URL' /usr/local/nginx/html/blog/Application/Back/Controller/ArticleController.class.php 第 15 行.

[ 2017-04-11T11:04:09+08:00 ] 101.226.66.172 /Back.php/Article/delete/id/6.html
INFO: [ app_init ] --START--
INFO: Run Behavior\BuildLiteBehavior [ RunTime:0.000005s ]
INFO: [ app_init ] --END-- [ RunTime:0.000034s ]
INFO: [ app_begin ] --START--
INFO: Run Behavior\ReadHtmlCacheBehavior [ RunTime:0.000014s ]
INFO: [ app_begin ] --END-- [ RunTime:0.000026s ]
NOTIC: [8] Use of undefined constant BACK_URL - assumed 'BACK_URL' /usr/local/nginx/html/blog/Application/Back/Controller/ArticleController.class.php 第 15 行.

[ 2017-04-11T11:06:22+08:00 ] 101.226.33.225 /Back.php/Index/index.html
INFO: [ app_init ] --START--
INFO: Run Behavior\BuildLiteBehavior [ RunTime:0.000006s ]
INFO: [ app_init ] --END-- [ RunTime:0.000034s ]
INFO: [ app_begin ] --START--
INFO: Run Behavior\ReadHtmlCacheBehavior [ RunTime:0.000013s ]
INFO: [ app_begin ] --END-- [ RunTime:0.000025s ]
NOTIC: [8] Use of undefined constant BACK_URL - assumed 'BACK_URL' /usr/local/nginx/html/blog/Application/Back/Controller/IndexController.class.php 第 14 行.

[ 2017-04-11T11:17:39+08:00 ] 112.90.82.218 /Back.php/Login/login.html
INFO: [ app_init ] --START--
INFO: Run Behavior\BuildLiteBehavior [ RunTime:0.000009s ]
INFO: [ app_init ] --END-- [ RunTime:0.000055s ]
INFO: [ app_begin ] --START--
INFO: Run Behavior\ReadHtmlCacheBehavior [ RunTime:0.000025s ]
INFO: [ app_begin ] --END-- [ RunTime:0.000041s ]
INFO: [ view_parse ] --START--
INFO: [ template_filter ] --START--
INFO: Run Behavior\ContentReplaceBehavior [ RunTime:0.000045s ]
INFO: [ template_filter ] --END-- [ RunTime:0.000067s ]
INFO: Run Behavior\ParseTemplateBehavior [ RunTime:0.002214s ]
INFO: [ view_parse ] --END-- [ RunTime:0.002233s ]
INFO: [ view_filter ] --START--
INFO: Run Behavior\WriteHtmlCacheBehavior [ RunTime:0.000034s ]
INFO: [ view_filter ] --END-- [ RunTime:0.000048s ]
INFO: [ app_end ] --START--
INFO: Run Behavior\ShowPageTraceBehavior [ RunTime:0.000023s ]
INFO: [ app_end ] --END-- [ RunTime:0.000035s ]

[ 2017-04-11T11:37:49+08:00 ] 183.57.53.177 /Back.php/Login/checkVerify.html
INFO: [ app_init ] --START--
INFO: Run Behavior\BuildLiteBehavior [ RunTime:0.000007s ]
INFO: [ app_init ] --END-- [ RunTime:0.000041s ]
INFO: [ app_begin ] --START--
INFO: Run Behavior\ReadHtmlCacheBehavior [ RunTime:0.000021s ]
INFO: [ app_begin ] --END-- [ RunTime:0.000039s ]
INFO: [ app_end ] --START--
INFO: Run Behavior\ShowPageTraceBehavior [ RunTime:0.000052s ]
INFO: [ app_end ] --END-- [ RunTime:0.000089s ]

[ 2017-04-11T12:14:28+08:00 ] 101.226.64.174 /Back.php/Article/list.html
INFO: [ app_init ] --START--
INFO: Run Behavior\BuildLiteBehavior [ RunTime:0.000006s ]
INFO: [ app_init ] --END-- [ RunTime:0.000038s ]
INFO: [ app_begin ] --START--
INFO: Run Behavior\ReadHtmlCacheBehavior [ RunTime:0.000016s ]
INFO: [ app_begin ] --END-- [ RunTime:0.000030s ]
NOTIC: [8] Use of undefined constant BACK_URL - assumed 'BACK_URL' /usr/local/nginx/html/blog/Application/Back/Controller/ArticleController.class.php 第 15 行.

[ 2017-04-11T13:21:07+08:00 ] 101.226.125.100 /Back.php/Article/set/id/'%252525253C/span%252525253E+%2525252520objUrl%2525252520+%252525253Cspan%2525252520class%2525253D
INFO: [ app_init ] --START--
INFO: Run Behavior\BuildLiteBehavior [ RunTime:0.000006s ]
INFO: [ app_init ] --END-- [ RunTime:0.000047s ]
INFO: [ app_begin ] --START--
INFO: Run Behavior\ReadHtmlCacheBehavior [ RunTime:0.000024s ]
INFO: [ app_begin ] --END-- [ RunTime:0.000041s ]
NOTIC: [8] Use of undefined constant BACK_URL - assumed 'BACK_URL' /usr/local/nginx/html/blog/Application/Back/Controller/ArticleController.class.php 第 15 行.

[ 2017-04-11T13:40:09+08:00 ] 183.38.244.244 /Back.php/Article/list.html
INFO: [ app_init ] --START--
INFO: Run Behavior\BuildLiteBehavior [ RunTime:0.000008s ]
INFO: [ app_init ] --END-- [ RunTime:0.000053s ]
INFO: [ app_begin ] --START--
INFO: Run Behavior\ReadHtmlCacheBehavior [ RunTime:0.000021s ]
INFO: [ app_begin ] --END-- [ RunTime:0.000035s ]
NOTIC: [8] Use of undefined constant BACK_URL - assumed 'BACK_URL' /usr/local/nginx/html/blog/Application/Back/Controller/ArticleController.class.php 第 15 行.

[ 2017-04-11T13:40:11+08:00 ] 183.38.244.244 /Back.php/Login/login.html
INFO: [ app_init ] --START--
INFO: Run Behavior\BuildLiteBehavior [ RunTime:0.000007s ]
INFO: [ app_init ] --END-- [ RunTime:0.000046s ]
INFO: [ app_begin ] --START--
INFO: Run Behavior\ReadHtmlCacheBehavior [ RunTime:0.000018s ]
INFO: [ app_begin ] --END-- [ RunTime:0.000037s ]
INFO: [ view_parse ] --START--
INFO: [ template_filter ] --START--
INFO: Run Behavior\ContentReplaceBehavior [ RunTime:0.000033s ]
INFO: [ template_filter ] --END-- [ RunTime:0.000049s ]
INFO: Run Behavior\ParseTemplateBehavior [ RunTime:0.001123s ]
INFO: [ view_parse ] --END-- [ RunTime:0.001140s ]
INFO: [ view_filter ] --START--
INFO: Run Behavior\WriteHtmlCacheBehavior [ RunTime:0.000016s ]
INFO: [ view_filter ] --END-- [ RunTime:0.000027s ]
INFO: [ app_end ] --START--
INFO: Run Behavior\ShowPageTraceBehavior [ RunTime:0.000018s ]
INFO: [ app_end ] --END-- [ RunTime:0.000032s ]

[ 2017-04-11T13:40:11+08:00 ] 183.38.244.244 /Back.php/Login/checkVerify.html
INFO: [ app_init ] --START--
INFO: Run Behavior\BuildLiteBehavior [ RunTime:0.000008s ]
INFO: [ app_init ] --END-- [ RunTime:0.000051s ]
INFO: [ app_begin ] --START--
INFO: Run Behavior\ReadHtmlCacheBehavior [ RunTime:0.000021s ]
INFO: [ app_begin ] --END-- [ RunTime:0.000039s ]
INFO: [ app_end ] --START--
INFO: Run Behavior\ShowPageTraceBehavior [ RunTime:0.000031s ]
INFO: [ app_end ] --END-- [ RunTime:0.000056s ]

[ 2017-04-11T13:49:46+08:00 ] 183.38.244.244 /Back.php/Login/checkVerify.html
INFO: [ app_init ] --START--
INFO: Run Behavior\BuildLiteBehavior [ RunTime:0.000006s ]
INFO: [ app_init ] --END-- [ RunTime:0.000034s ]
INFO: [ app_begin ] --START--
INFO: Run Behavior\ReadHtmlCacheBehavior [ RunTime:0.000017s ]
INFO: [ app_begin ] --END-- [ RunTime:0.000033s ]

[ 2017-04-11T13:49:46+08:00 ] 183.38.244.244 /Back.php/Login/login.html
INFO: [ app_init ] --START--
INFO: Run Behavior\BuildLiteBehavior [ RunTime:0.000006s ]
INFO: [ app_init ] --END-- [ RunTime:0.000033s ]
INFO: [ app_begin ] --START--
INFO: Run Behavior\ReadHtmlCacheBehavior [ RunTime:0.000013s ]
INFO: [ app_begin ] --END-- [ RunTime:0.000025s ]
SQL: SELECT * FROM `admin` WHERE `phone` = '18128167616' LIMIT 1   [ RunTime:0.0038s ]
NOTIC: [8] Use of undefined constant BACK_URL - assumed 'BACK_URL' /usr/local/nginx/html/blog/Application/Back/Controller/LoginController.class.php 第 18 行.

[ 2017-04-11T13:49:48+08:00 ] 183.38.244.244 /Back.php/Index/index.html
INFO: [ app_init ] --START--
INFO: Run Behavior\BuildLiteBehavior [ RunTime:0.000007s ]
INFO: [ app_init ] --END-- [ RunTime:0.000040s ]
INFO: [ app_begin ] --START--
INFO: Run Behavior\ReadHtmlCacheBehavior [ RunTime:0.000013s ]
INFO: [ app_begin ] --END-- [ RunTime:0.000025s ]
INFO: [ view_parse ] --START--
INFO: [ template_filter ] --START--
INFO: Run Behavior\ContentReplaceBehavior [ RunTime:0.000033s ]
INFO: [ template_filter ] --END-- [ RunTime:0.000050s ]
NOTIC: [8] Undefined variable: articleList /usr/local/nginx/html/blog/Application/Runtime/Cache/Back/c902602000c317a06dd48fdd319834e9.php 第 61 行.
NOTIC: [8] Undefined variable: category /usr/local/nginx/html/blog/Application/Runtime/Cache/Back/c902602000c317a06dd48fdd319834e9.php 第 77 行.
INFO: Run Behavior\ParseTemplateBehavior [ RunTime:0.002130s ]
INFO: [ view_parse ] --END-- [ RunTime:0.002143s ]
INFO: [ view_filter ] --START--
INFO: Run Behavior\WriteHtmlCacheBehavior [ RunTime:0.000021s ]
INFO: [ view_filter ] --END-- [ RunTime:0.000032s ]
INFO: [ app_end ] --START--
INFO: Run Behavior\ShowPageTraceBehavior [ RunTime:0.000014s ]
INFO: [ app_end ] --END-- [ RunTime:0.000022s ]

[ 2017-04-11T13:49:51+08:00 ] 183.38.244.244 /Back.php/Article/list.html
INFO: [ app_init ] --START--
INFO: Run Behavior\BuildLiteBehavior [ RunTime:0.000007s ]
INFO: [ app_init ] --END-- [ RunTime:0.000035s ]
INFO: [ app_begin ] --START--
INFO: Run Behavior\ReadHtmlCacheBehavior [ RunTime:0.000022s ]
INFO: [ app_begin ] --END-- [ RunTime:0.000034s ]
SQL: SELECT COUNT(*) AS tp_count FROM `article` LIMIT 1   [ RunTime:0.0002s ]
NOTIC: [8] Use of undefined constant BACK_PAGE - assumed 'BACK_PAGE' /usr/local/nginx/html/blog/Application/Back/Controller/ArticleController.class.php 第 96 行.
NOTIC: [8] Use of undefined constant BACK_PAGE - assumed 'BACK_PAGE' /usr/local/nginx/html/blog/Application/Back/Controller/ArticleController.class.php 第 103 行.
SQL: SELECT `id`,`category_id`,`subject`,`summary`,`create_time`,`top`,`status` FROM `article` LIMIT 0,10   [ RunTime:0.0002s ]
SQL: SELECT * FROM `category`  [ RunTime:0.0002s ]
NOTIC: [8] Use of undefined constant BACK_PAGE - assumed 'BACK_PAGE' /usr/local/nginx/html/blog/Application/Back/Controller/ArticleController.class.php 第 121 行.
NOTIC: [8] Use of undefined constant BACK_URL - assumed 'BACK_URL' /usr/local/nginx/html/blog/Application/Back/Controller/ArticleController.class.php 第 124 行.
INFO: [ view_parse ] --START--
INFO: [ template_filter ] --START--
INFO: Run Behavior\ContentReplaceBehavior [ RunTime:0.000059s ]
INFO: [ template_filter ] --END-- [ RunTime:0.000079s ]
NOTIC: [8] Undefined variable: category /usr/local/nginx/html/blog/Application/Runtime/Cache/Back/bd75a1f5bae92db7fbb63367fc59b7b4.php 第 77 行.
INFO: Run Behavior\ParseTemplateBehavior [ RunTime:0.002700s ]
INFO: [ view_parse ] --END-- [ RunTime:0.002717s ]
INFO: [ view_filter ] --START--
INFO: Run Behavior\WriteHtmlCacheBehavior [ RunTime:0.000017s ]
INFO: [ view_filter ] --END-- [ RunTime:0.000026s ]
INFO: [ app_end ] --START--
INFO: Run Behavior\ShowPageTraceBehavior [ RunTime:0.000016s ]
INFO: [ app_end ] --END-- [ RunTime:0.000026s ]

[ 2017-04-11T13:49:56+08:00 ] 183.38.244.244 /Back.php/Article/delete/id/8.html
INFO: [ app_init ] --START--
INFO: Run Behavior\BuildLiteBehavior [ RunTime:0.000008s ]
INFO: [ app_init ] --END-- [ RunTime:0.000047s ]
INFO: [ app_begin ] --START--
INFO: Run Behavior\ReadHtmlCacheBehavior [ RunTime:0.000013s ]
INFO: [ app_begin ] --END-- [ RunTime:0.000026s ]
SQL: SELECT article_content.id as articleContentId,`img`,`cover` FROM `article` INNER JOIN article_content ON article.id = article_content.article_id  WHERE article.id = '8' LIMIT 1   [ RunTime:0.0011s ]
SQL: DELETE FROM `article` WHERE `id` = 8 [ RunTime:0.0068s ]
SQL: DELETE FROM `article_content` WHERE `id` = 8 [ RunTime:0.0002s ]
NOTIC: [8] Use of undefined constant BACK_URL - assumed 'BACK_URL' /usr/local/nginx/html/blog/Application/Back/Controller/ArticleController.class.php 第 156 行.

[ 2017-04-11T13:49:58+08:00 ] 183.38.244.244 /Back.php/Article/list.html
INFO: [ app_init ] --START--
INFO: Run Behavior\BuildLiteBehavior [ RunTime:0.000006s ]
INFO: [ app_init ] --END-- [ RunTime:0.000035s ]
INFO: [ app_begin ] --START--
INFO: Run Behavior\ReadHtmlCacheBehavior [ RunTime:0.000014s ]
INFO: [ app_begin ] --END-- [ RunTime:0.000026s ]
SQL: SELECT COUNT(*) AS tp_count FROM `article` LIMIT 1   [ RunTime:0.0002s ]
NOTIC: [8] Use of undefined constant BACK_PAGE - assumed 'BACK_PAGE' /usr/local/nginx/html/blog/Application/Back/Controller/ArticleController.class.php 第 96 行.
NOTIC: [8] Use of undefined constant BACK_PAGE - assumed 'BACK_PAGE' /usr/local/nginx/html/blog/Application/Back/Controller/ArticleController.class.php 第 103 行.
SQL: SELECT `id`,`category_id`,`subject`,`summary`,`create_time`,`top`,`status` FROM `article` LIMIT 0,10   [ RunTime:0.0002s ]
SQL: SELECT * FROM `category`  [ RunTime:0.0001s ]
NOTIC: [8] Use of undefined constant BACK_PAGE - assumed 'BACK_PAGE' /usr/local/nginx/html/blog/Application/Back/Controller/ArticleController.class.php 第 121 行.
NOTIC: [8] Use of undefined constant BACK_URL - assumed 'BACK_URL' /usr/local/nginx/html/blog/Application/Back/Controller/ArticleController.class.php 第 124 行.
INFO: [ view_parse ] --START--
INFO: [ template_filter ] --START--
INFO: Run Behavior\ContentReplaceBehavior [ RunTime:0.000055s ]
INFO: [ template_filter ] --END-- [ RunTime:0.000075s ]
NOTIC: [8] Undefined variable: category /usr/local/nginx/html/blog/Application/Runtime/Cache/Back/bd75a1f5bae92db7fbb63367fc59b7b4.php 第 77 行.
INFO: Run Behavior\ParseTemplateBehavior [ RunTime:0.002371s ]
INFO: [ view_parse ] --END-- [ RunTime:0.002387s ]
INFO: [ view_filter ] --START--
INFO: Run Behavior\WriteHtmlCacheBehavior [ RunTime:0.000017s ]
INFO: [ view_filter ] --END-- [ RunTime:0.000025s ]
INFO: [ app_end ] --START--
INFO: Run Behavior\ShowPageTraceBehavior [ RunTime:0.000017s ]
INFO: [ app_end ] --END-- [ RunTime:0.000071s ]

[ 2017-04-11T14:51:08+08:00 ] 180.163.2.88 /Back.php/Article/list.html
INFO: [ app_init ] --START--
INFO: Run Behavior\BuildLiteBehavior [ RunTime:0.000008s ]
INFO: [ app_init ] --END-- [ RunTime:0.000049s ]
INFO: [ app_begin ] --START--
INFO: Run Behavior\ReadHtmlCacheBehavior [ RunTime:0.000020s ]
INFO: [ app_begin ] --END-- [ RunTime:0.000035s ]
NOTIC: [8] Use of undefined constant BACK_URL - assumed 'BACK_URL' /usr/local/nginx/html/blog/Application/Back/Controller/ArticleController.class.php 第 15 行.

[ 2017-04-11T15:59:29+08:00 ] 101.226.33.200 /Back.php/Index/index.html
INFO: [ app_init ] --START--
INFO: Run Behavior\BuildLiteBehavior [ RunTime:0.000007s ]
INFO: [ app_init ] --END-- [ RunTime:0.000039s ]
INFO: [ app_begin ] --START--
INFO: Run Behavior\ReadHtmlCacheBehavior [ RunTime:0.000024s ]
INFO: [ app_begin ] --END-- [ RunTime:0.000039s ]
NOTIC: [8] Use of undefined constant BACK_URL - assumed 'BACK_URL' /usr/local/nginx/html/blog/Application/Back/Controller/IndexController.class.php 第 14 行.

[ 2017-04-11T16:30:29+08:00 ] 180.153.214.192 /Back.php/Article/delete/id/8.html
INFO: [ app_init ] --START--
INFO: Run Behavior\BuildLiteBehavior [ RunTime:0.000006s ]
INFO: [ app_init ] --END-- [ RunTime:0.000036s ]
INFO: [ app_begin ] --START--
INFO: Run Behavior\ReadHtmlCacheBehavior [ RunTime:0.000015s ]
INFO: [ app_begin ] --END-- [ RunTime:0.000027s ]
NOTIC: [8] Use of undefined constant BACK_URL - assumed 'BACK_URL' /usr/local/nginx/html/blog/Application/Back/Controller/ArticleController.class.php 第 15 行.

[ 2017-04-11T20:57:30+08:00 ] 104.192.74.36 /Back.php/Index/index.html
INFO: [ app_init ] --START--
INFO: Run Behavior\BuildLiteBehavior [ RunTime:0.000006s ]
INFO: [ app_init ] --END-- [ RunTime:0.000038s ]
INFO: [ app_begin ] --START--
INFO: Run Behavior\ReadHtmlCacheBehavior [ RunTime:0.000014s ]
INFO: [ app_begin ] --END-- [ RunTime:0.000025s ]
NOTIC: [8] Use of undefined constant BACK_URL - assumed 'BACK_URL' /usr/local/nginx/html/blog/Application/Back/Controller/IndexController.class.php 第 14 行.

[ 2017-04-11T20:57:30+08:00 ] 104.192.74.36 /Back.php/Index/index.html
INFO: [ app_init ] --START--
INFO: Run Behavior\BuildLiteBehavior [ RunTime:0.000008s ]
INFO: [ app_init ] --END-- [ RunTime:0.000049s ]
INFO: [ app_begin ] --START--
INFO: Run Behavior\ReadHtmlCacheBehavior [ RunTime:0.000021s ]
INFO: [ app_begin ] --END-- [ RunTime:0.000038s ]
NOTIC: [8] Use of undefined constant BACK_URL - assumed 'BACK_URL' /usr/local/nginx/html/blog/Application/Back/Controller/IndexController.class.php 第 14 行.

