[ 2017-04-26T15:27:37+08:00 ] 183.38.251.210 /Back.php/Index/index.html
INFO: [ app_init ] --START--
INFO: Run Behavior\BuildLiteBehavior [ RunTime:0.000030s ]
INFO: [ app_init ] --END-- [ RunTime:0.000092s ]
INFO: [ app_begin ] --START--
INFO: Run Behavior\ReadHtmlCacheBehavior [ RunTime:0.000029s ]
INFO: [ app_begin ] --END-- [ RunTime:0.000047s ]
NOTIC: [8] Use of undefined constant BACK_URL - assumed 'BACK_URL' /usr/local/nginx/html/blog/Application/Back/Controller/IndexController.class.php 第 14 行.

[ 2017-04-26T15:27:39+08:00 ] 183.38.251.210 /Back.php/Login/login.html
INFO: [ app_init ] --START--
INFO: Run Behavior\BuildLiteBehavior [ RunTime:0.000006s ]
INFO: [ app_init ] --END-- [ RunTime:0.000037s ]
INFO: [ app_begin ] --START--
INFO: Run Behavior\ReadHtmlCacheBehavior [ RunTime:0.000021s ]
INFO: [ app_begin ] --END-- [ RunTime:0.000039s ]
INFO: [ view_parse ] --START--
INFO: [ template_filter ] --START--
INFO: Run Behavior\ContentReplaceBehavior [ RunTime:0.010649s ]
INFO: [ template_filter ] --END-- [ RunTime:0.010692s ]
INFO: Run Behavior\ParseTemplateBehavior [ RunTime:0.061005s ]
INFO: [ view_parse ] --END-- [ RunTime:0.061024s ]
INFO: [ view_filter ] --START--
INFO: Run Behavior\WriteHtmlCacheBehavior [ RunTime:0.000030s ]
INFO: [ view_filter ] --END-- [ RunTime:0.000039s ]
INFO: [ app_end ] --START--
INFO: Run Behavior\ShowPageTraceBehavior [ RunTime:0.000018s ]
INFO: [ app_end ] --END-- [ RunTime:0.000025s ]

[ 2017-04-26T15:27:40+08:00 ] 183.38.251.210 /Back.php/Login/checkVerify.html
INFO: [ app_init ] --START--
INFO: Run Behavior\BuildLiteBehavior [ RunTime:0.000005s ]
INFO: [ app_init ] --END-- [ RunTime:0.000034s ]
INFO: [ app_begin ] --START--
INFO: Run Behavior\ReadHtmlCacheBehavior [ RunTime:0.000016s ]
INFO: [ app_begin ] --END-- [ RunTime:0.000030s ]
INFO: [ app_end ] --START--
INFO: Run Behavior\ShowPageTraceBehavior [ RunTime:0.000043s ]
INFO: [ app_end ] --END-- [ RunTime:0.000075s ]

[ 2017-04-26T15:27:45+08:00 ] 183.38.251.210 /Back.php/Login/checkVerify.html
INFO: [ app_init ] --START--
INFO: Run Behavior\BuildLiteBehavior [ RunTime:0.000006s ]
INFO: [ app_init ] --END-- [ RunTime:0.000040s ]
INFO: [ app_begin ] --START--
INFO: Run Behavior\ReadHtmlCacheBehavior [ RunTime:0.000016s ]
INFO: [ app_begin ] --END-- [ RunTime:0.000030s ]

[ 2017-04-26T15:27:45+08:00 ] 183.38.251.210 /Back.php/Login/login.html
INFO: [ app_init ] --START--
INFO: Run Behavior\BuildLiteBehavior [ RunTime:0.000007s ]
INFO: [ app_init ] --END-- [ RunTime:0.000045s ]
INFO: [ app_begin ] --START--
INFO: Run Behavior\ReadHtmlCacheBehavior [ RunTime:0.000017s ]
INFO: [ app_begin ] --END-- [ RunTime:0.000034s ]
SQL: SELECT * FROM `admin` WHERE `phone` = '18128167616' LIMIT 1   [ RunTime:0.0013s ]
NOTIC: [8] Use of undefined constant BACK_URL - assumed 'BACK_URL' /usr/local/nginx/html/blog/Application/Back/Controller/LoginController.class.php 第 18 行.

[ 2017-04-26T15:27:47+08:00 ] 183.38.251.210 /Back.php/Index/index.html
INFO: [ app_init ] --START--
INFO: Run Behavior\BuildLiteBehavior [ RunTime:0.000006s ]
INFO: [ app_init ] --END-- [ RunTime:0.000038s ]
INFO: [ app_begin ] --START--
INFO: Run Behavior\ReadHtmlCacheBehavior [ RunTime:0.000021s ]
INFO: [ app_begin ] --END-- [ RunTime:0.000039s ]
INFO: [ view_parse ] --START--
INFO: [ template_filter ] --START--
INFO: Run Behavior\ContentReplaceBehavior [ RunTime:0.000047s ]
INFO: [ template_filter ] --END-- [ RunTime:0.000074s ]
NOTIC: [8] Undefined variable: category /usr/local/nginx/html/blog/Application/Runtime/Cache/Back/c902602000c317a06dd48fdd319834e9.php 第 75 行.
INFO: Run Behavior\ParseTemplateBehavior [ RunTime:0.003882s ]
INFO: [ view_parse ] --END-- [ RunTime:0.003900s ]
INFO: [ view_filter ] --START--
INFO: Run Behavior\WriteHtmlCacheBehavior [ RunTime:0.000024s ]
INFO: [ view_filter ] --END-- [ RunTime:0.000037s ]
INFO: [ app_end ] --START--
INFO: Run Behavior\ShowPageTraceBehavior [ RunTime:0.000020s ]
INFO: [ app_end ] --END-- [ RunTime:0.000034s ]

[ 2017-04-26T15:27:51+08:00 ] 183.38.251.210 /Back.php/Article/set.html
INFO: [ app_init ] --START--
INFO: Run Behavior\BuildLiteBehavior [ RunTime:0.000006s ]
INFO: [ app_init ] --END-- [ RunTime:0.000033s ]
INFO: [ app_begin ] --START--
INFO: Run Behavior\ReadHtmlCacheBehavior [ RunTime:0.000017s ]
INFO: [ app_begin ] --END-- [ RunTime:0.000031s ]
SQL: SELECT * FROM `category`  [ RunTime:0.0002s ]
INFO: [ view_parse ] --START--
INFO: [ template_filter ] --START--
INFO: Run Behavior\ContentReplaceBehavior [ RunTime:0.000077s ]
INFO: [ template_filter ] --END-- [ RunTime:0.000103s ]
NOTIC: [8] Undefined variable: category /usr/local/nginx/html/blog/Application/Runtime/Cache/Back/9ee633c53a9b5146604336c22eb9ac70.php 第 78 行.
NOTIC: [8] Undefined variable: articleList /usr/local/nginx/html/blog/Application/Runtime/Cache/Back/9ee633c53a9b5146604336c22eb9ac70.php 第 122 行.
NOTIC: [8] Undefined variable: articleList /usr/local/nginx/html/blog/Application/Runtime/Cache/Back/9ee633c53a9b5146604336c22eb9ac70.php 第 135 行.
NOTIC: [8] Undefined variable: articleList /usr/local/nginx/html/blog/Application/Runtime/Cache/Back/9ee633c53a9b5146604336c22eb9ac70.php 第 135 行.
NOTIC: [8] Undefined variable: articleList /usr/local/nginx/html/blog/Application/Runtime/Cache/Back/9ee633c53a9b5146604336c22eb9ac70.php 第 135 行.
NOTIC: [8] Undefined variable: articleList /usr/local/nginx/html/blog/Application/Runtime/Cache/Back/9ee633c53a9b5146604336c22eb9ac70.php 第 135 行.
NOTIC: [8] Undefined variable: articleList /usr/local/nginx/html/blog/Application/Runtime/Cache/Back/9ee633c53a9b5146604336c22eb9ac70.php 第 135 行.
NOTIC: [8] Undefined variable: articleList /usr/local/nginx/html/blog/Application/Runtime/Cache/Back/9ee633c53a9b5146604336c22eb9ac70.php 第 135 行.
NOTIC: [8] Undefined variable: articleList /usr/local/nginx/html/blog/Application/Runtime/Cache/Back/9ee633c53a9b5146604336c22eb9ac70.php 第 135 行.
NOTIC: [8] Undefined variable: articleList /usr/local/nginx/html/blog/Application/Runtime/Cache/Back/9ee633c53a9b5146604336c22eb9ac70.php 第 135 行.
NOTIC: [8] Undefined variable: articleList /usr/local/nginx/html/blog/Application/Runtime/Cache/Back/9ee633c53a9b5146604336c22eb9ac70.php 第 135 行.
NOTIC: [8] Undefined variable: articleList /usr/local/nginx/html/blog/Application/Runtime/Cache/Back/9ee633c53a9b5146604336c22eb9ac70.php 第 142 行.
NOTIC: [8] Undefined variable: articleList /usr/local/nginx/html/blog/Application/Runtime/Cache/Back/9ee633c53a9b5146604336c22eb9ac70.php 第 145 行.
NOTIC: [8] Undefined variable: articleList /usr/local/nginx/html/blog/Application/Runtime/Cache/Back/9ee633c53a9b5146604336c22eb9ac70.php 第 154 行.
NOTIC: [8] Undefined variable: articleList /usr/local/nginx/html/blog/Application/Runtime/Cache/Back/9ee633c53a9b5146604336c22eb9ac70.php 第 158 行.
NOTIC: [8] Undefined variable: articleList /usr/local/nginx/html/blog/Application/Runtime/Cache/Back/9ee633c53a9b5146604336c22eb9ac70.php 第 163 行.
NOTIC: [8] Undefined variable: articleList /usr/local/nginx/html/blog/Application/Runtime/Cache/Back/9ee633c53a9b5146604336c22eb9ac70.php 第 172 行.
INFO: Run Behavior\ParseTemplateBehavior [ RunTime:0.005185s ]
INFO: [ view_parse ] --END-- [ RunTime:0.005200s ]
INFO: [ view_filter ] --START--
INFO: Run Behavior\WriteHtmlCacheBehavior [ RunTime:0.000021s ]
INFO: [ view_filter ] --END-- [ RunTime:0.000028s ]
INFO: [ app_end ] --START--
INFO: Run Behavior\ShowPageTraceBehavior [ RunTime:0.000017s ]
INFO: [ app_end ] --END-- [ RunTime:0.000027s ]

[ 2017-04-26T15:38:21+08:00 ] 183.38.251.210 /Back.php/Article/set.html
INFO: [ app_init ] --START--
INFO: Run Behavior\BuildLiteBehavior [ RunTime:0.000007s ]
INFO: [ app_init ] --END-- [ RunTime:0.000036s ]
INFO: [ app_begin ] --START--
INFO: Run Behavior\ReadHtmlCacheBehavior [ RunTime:0.000015s ]
INFO: [ app_begin ] --END-- [ RunTime:0.000029s ]
NOTIC: [8] Undefined index: validate /usr/local/nginx/html/blog/ThinkPHP/Library/Think/Model.class.php 第 1185 行.
NOTIC: [8] Undefined index: auto /usr/local/nginx/html/blog/ThinkPHP/Library/Think/Model.class.php 第 1128 行.
NOTIC: [2] call_user_func() expects parameter 1 to be a valid callback, no array or string given /usr/local/nginx/html/blog/ThinkPHP/Library/Think/Upload.class.php 第 170 行.
NOTIC: [2] unlink(0): No such file or directory /usr/local/nginx/html/blog/Application/Back/Controller/ArticleController.class.php 第 47 行.
NOTIC: [2] array_diff(): Argument #1 is not an array /usr/local/nginx/html/blog/Application/Back/Controller/ArticleController.class.php 第 60 行.
NOTIC: [8] Undefined index: contentid /usr/local/nginx/html/blog/Application/Back/Model/ArticleModel.class.php 第 36 行.
NOTIC: [8] Undefined index: id /usr/local/nginx/html/blog/Application/Back/Model/ArticleModel.class.php 第 46 行.
SQL: INSERT INTO `article` (`user_id`,`category_id`,`subject`,`summary`,`top`,`status`,`create_time`,`cover`) VALUES ('2','6','处理centos7下中文显示乱码问题','有时候在云服务器上的主机是默认英文的，我们在查看中文是就会显示乱码，写中文也会是乱码，估计默认是拉丁编码吧，下面方法就可以让中文显示正常','0','1','1493192301','Public/Upload/20170426/59004e6de129a.jpg') [ RunTime:0.0002s ]
SQL: INSERT INTO `article_content` (`content`,`img`,`id`,`article_id`) VALUES ('<p><h4><ul><li>设置语言</li></ul></h4></p><pre style=\"max-width:100%;overflow-x:auto;\"><code class=\"bash hljs\" codemark=\"1\">LANG=en_US.UTF-8</code></pre><p><h4><ul><li>复制一份本地配置文件，备用</li></ul></h4></p><pre style=\"max-width:100%;overflow-x:auto;\"><code class=\"bash hljs\" codemark=\"1\">cp /etc/locale.conf /etc/locale.conf_bak</code></pre><p><h4><ul><li>编辑本地配置文件</li></ul></h4></p><pre style=\"max-width:100%;overflow-x:auto;\"><code class=\"bash hljs\" codemark=\"1\">vim /etc/locale.conf</code></pre><p><h4><ul><li>添加下面文字到文件中</li></ul></h4></p><pre style=\"max-width:100%;overflow-x:auto;\"><code class=\"bash hljs\" codemark=\"1\">LANG=<span class=\"hljs-string\">\"zh_CN.GB18030\"</span>
LANGUAGE=<span class=\"hljs-string\">\"zh_CN.GB18030:zh_CN.GB2312:zh_CN\"</span>
SUPPORTED=<span class=\"hljs-string\">\"zh_CN.UTF-8:zh_CN:zh:en_US.UTF-8:en_US:en\"</span>
SYSFONT=<span class=\"hljs-string\">\"lat0-sun16\"</span></code></pre><p><h4><ul><li>保存退出 &nbsp;:wq</li></ul></h4></p><pre style=\"max-width:100%;overflow-x:auto;\"><code class=\"bash hljs\" codemark=\"1\">:wq</code></pre><p><b>ok!</b></p><p><br></p>','s:0:\"\";',NULL,'15') [ RunTime:0.0002s ]
NOTIC: [8] Use of undefined constant BACK_URL - assumed 'BACK_URL' /usr/local/nginx/html/blog/Application/Back/Controller/ArticleController.class.php 第 70 行.

[ 2017-04-26T15:38:24+08:00 ] 183.38.251.210 /Back.php/Article/list.html
INFO: [ app_init ] --START--
INFO: Run Behavior\BuildLiteBehavior [ RunTime:0.000008s ]
INFO: [ app_init ] --END-- [ RunTime:0.000048s ]
INFO: [ app_begin ] --START--
INFO: Run Behavior\ReadHtmlCacheBehavior [ RunTime:0.000024s ]
INFO: [ app_begin ] --END-- [ RunTime:0.000044s ]
SQL: SELECT COUNT(*) AS tp_count FROM `article` LIMIT 1   [ RunTime:0.0002s ]
NOTIC: [8] Use of undefined constant BACK_PAGE - assumed 'BACK_PAGE' /usr/local/nginx/html/blog/Application/Back/Controller/ArticleController.class.php 第 96 行.
NOTIC: [8] Use of undefined constant BACK_PAGE - assumed 'BACK_PAGE' /usr/local/nginx/html/blog/Application/Back/Controller/ArticleController.class.php 第 103 行.
SQL: SELECT `id`,`category_id`,`subject`,`summary`,`create_time`,`top`,`status` FROM `article` LIMIT 0,10   [ RunTime:0.0002s ]
SQL: SELECT * FROM `category`  [ RunTime:0.0002s ]
NOTIC: [8] Use of undefined constant BACK_PAGE - assumed 'BACK_PAGE' /usr/local/nginx/html/blog/Application/Back/Controller/ArticleController.class.php 第 121 行.
NOTIC: [8] Use of undefined constant BACK_URL - assumed 'BACK_URL' /usr/local/nginx/html/blog/Application/Back/Controller/ArticleController.class.php 第 124 行.
INFO: [ view_parse ] --START--
INFO: [ template_filter ] --START--
INFO: Run Behavior\ContentReplaceBehavior [ RunTime:0.000049s ]
INFO: [ template_filter ] --END-- [ RunTime:0.000067s ]
NOTIC: [8] Undefined variable: category /usr/local/nginx/html/blog/Application/Runtime/Cache/Back/bd75a1f5bae92db7fbb63367fc59b7b4.php 第 75 行.
INFO: Run Behavior\ParseTemplateBehavior [ RunTime:0.004457s ]
INFO: [ view_parse ] --END-- [ RunTime:0.004474s ]
INFO: [ view_filter ] --START--
INFO: Run Behavior\WriteHtmlCacheBehavior [ RunTime:0.000025s ]
INFO: [ view_filter ] --END-- [ RunTime:0.000034s ]
INFO: [ app_end ] --START--
INFO: Run Behavior\ShowPageTraceBehavior [ RunTime:0.000029s ]
INFO: [ app_end ] --END-- [ RunTime:0.000044s ]

[ 2017-04-26T16:20:11+08:00 ] 183.38.251.210 /Back.php/Index/index.html
INFO: [ app_init ] --START--
INFO: Run Behavior\BuildLiteBehavior [ RunTime:0.000009s ]
INFO: [ app_init ] --END-- [ RunTime:0.000071s ]
INFO: [ app_begin ] --START--
INFO: Run Behavior\ReadHtmlCacheBehavior [ RunTime:0.000026s ]
INFO: [ app_begin ] --END-- [ RunTime:0.000041s ]
NOTIC: [8] Use of undefined constant BACK_URL - assumed 'BACK_URL' /usr/local/nginx/html/blog/Application/Back/Controller/IndexController.class.php 第 14 行.

[ 2017-04-26T16:20:13+08:00 ] 183.38.251.210 /Back.php/Login/login.html
INFO: [ app_init ] --START--
INFO: Run Behavior\BuildLiteBehavior [ RunTime:0.000007s ]
INFO: [ app_init ] --END-- [ RunTime:0.000052s ]
INFO: [ app_begin ] --START--
INFO: Run Behavior\ReadHtmlCacheBehavior [ RunTime:0.000018s ]
INFO: [ app_begin ] --END-- [ RunTime:0.000032s ]
INFO: [ view_parse ] --START--
INFO: [ template_filter ] --START--
INFO: Run Behavior\ContentReplaceBehavior [ RunTime:0.000071s ]
INFO: [ template_filter ] --END-- [ RunTime:0.000104s ]
INFO: Run Behavior\ParseTemplateBehavior [ RunTime:0.009198s ]
INFO: [ view_parse ] --END-- [ RunTime:0.009213s ]
INFO: [ view_filter ] --START--
INFO: Run Behavior\WriteHtmlCacheBehavior [ RunTime:0.000020s ]
INFO: [ view_filter ] --END-- [ RunTime:0.000027s ]
INFO: [ app_end ] --START--
INFO: Run Behavior\ShowPageTraceBehavior [ RunTime:0.000017s ]
INFO: [ app_end ] --END-- [ RunTime:0.000024s ]

[ 2017-04-26T16:20:13+08:00 ] 183.38.251.210 /Back.php/Login/checkVerify.html
INFO: [ app_init ] --START--
INFO: Run Behavior\BuildLiteBehavior [ RunTime:0.000008s ]
INFO: [ app_init ] --END-- [ RunTime:0.000069s ]
INFO: [ app_begin ] --START--
INFO: Run Behavior\ReadHtmlCacheBehavior [ RunTime:0.000019s ]
INFO: [ app_begin ] --END-- [ RunTime:0.000035s ]
INFO: [ app_end ] --START--
INFO: Run Behavior\ShowPageTraceBehavior [ RunTime:0.000028s ]
INFO: [ app_end ] --END-- [ RunTime:0.000051s ]

[ 2017-04-26T16:20:17+08:00 ] 183.38.251.210 /Back.php/Login/checkVerify.html?0.7632351452425548
INFO: [ app_init ] --START--
INFO: Run Behavior\BuildLiteBehavior [ RunTime:0.000009s ]
INFO: [ app_init ] --END-- [ RunTime:0.000068s ]
INFO: [ app_begin ] --START--
INFO: Run Behavior\ReadHtmlCacheBehavior [ RunTime:0.000024s ]
INFO: [ app_begin ] --END-- [ RunTime:0.000041s ]
INFO: [ app_end ] --START--
INFO: Run Behavior\ShowPageTraceBehavior [ RunTime:0.000023s ]
INFO: [ app_end ] --END-- [ RunTime:0.000041s ]

[ 2017-04-26T16:20:19+08:00 ] 183.38.251.210 /Back.php/Login/checkVerify.html?0.2504638737867677
INFO: [ app_init ] --START--
INFO: Run Behavior\BuildLiteBehavior [ RunTime:0.000007s ]
INFO: [ app_init ] --END-- [ RunTime:0.000060s ]
INFO: [ app_begin ] --START--
INFO: Run Behavior\ReadHtmlCacheBehavior [ RunTime:0.000019s ]
INFO: [ app_begin ] --END-- [ RunTime:0.000032s ]
INFO: [ app_end ] --START--
INFO: Run Behavior\ShowPageTraceBehavior [ RunTime:0.000025s ]
INFO: [ app_end ] --END-- [ RunTime:0.000043s ]

[ 2017-04-26T16:20:20+08:00 ] 183.38.251.210 /Back.php/Login/checkVerify.html?0.6120911701860028
INFO: [ app_init ] --START--
INFO: Run Behavior\BuildLiteBehavior [ RunTime:0.000007s ]
INFO: [ app_init ] --END-- [ RunTime:0.000076s ]
INFO: [ app_begin ] --START--
INFO: Run Behavior\ReadHtmlCacheBehavior [ RunTime:0.000025s ]
INFO: [ app_begin ] --END-- [ RunTime:0.000042s ]
INFO: [ app_end ] --START--
INFO: Run Behavior\ShowPageTraceBehavior [ RunTime:0.000030s ]
INFO: [ app_end ] --END-- [ RunTime:0.000052s ]

[ 2017-04-26T16:20:25+08:00 ] 183.38.251.210 /Back.php/Login/checkVerify.html
INFO: [ app_init ] --START--
INFO: Run Behavior\BuildLiteBehavior [ RunTime:0.000024s ]
INFO: [ app_init ] --END-- [ RunTime:0.000056s ]
INFO: [ app_begin ] --START--
INFO: Run Behavior\ReadHtmlCacheBehavior [ RunTime:0.000021s ]
INFO: [ app_begin ] --END-- [ RunTime:0.000037s ]

[ 2017-04-26T16:20:25+08:00 ] 183.38.251.210 /Back.php/Login/login.html
INFO: [ app_init ] --START--
INFO: Run Behavior\BuildLiteBehavior [ RunTime:0.000010s ]
INFO: [ app_init ] --END-- [ RunTime:0.000055s ]
INFO: [ app_begin ] --START--
INFO: Run Behavior\ReadHtmlCacheBehavior [ RunTime:0.000020s ]
INFO: [ app_begin ] --END-- [ RunTime:0.000039s ]
SQL: SELECT * FROM `admin` WHERE `phone` = '18128167616' LIMIT 1   [ RunTime:0.0004s ]
NOTIC: [8] Use of undefined constant BACK_URL - assumed 'BACK_URL' /usr/local/nginx/html/blog/Application/Back/Controller/LoginController.class.php 第 18 行.

[ 2017-04-26T16:20:27+08:00 ] 183.38.251.210 /Back.php/Index/index.html
INFO: [ app_init ] --START--
INFO: Run Behavior\BuildLiteBehavior [ RunTime:0.000009s ]
INFO: [ app_init ] --END-- [ RunTime:0.000046s ]
INFO: [ app_begin ] --START--
INFO: Run Behavior\ReadHtmlCacheBehavior [ RunTime:0.000015s ]
INFO: [ app_begin ] --END-- [ RunTime:0.000029s ]
INFO: [ view_parse ] --START--
INFO: [ template_filter ] --START--
INFO: Run Behavior\ContentReplaceBehavior [ RunTime:0.000035s ]
INFO: [ template_filter ] --END-- [ RunTime:0.000055s ]
NOTIC: [8] Undefined variable: category /usr/local/nginx/html/blog/Application/Runtime/Cache/Back/c902602000c317a06dd48fdd319834e9.php 第 75 行.
INFO: Run Behavior\ParseTemplateBehavior [ RunTime:0.003685s ]
INFO: [ view_parse ] --END-- [ RunTime:0.003698s ]
INFO: [ view_filter ] --START--
INFO: Run Behavior\WriteHtmlCacheBehavior [ RunTime:0.000038s ]
INFO: [ view_filter ] --END-- [ RunTime:0.000052s ]
INFO: [ app_end ] --START--
INFO: Run Behavior\ShowPageTraceBehavior [ RunTime:0.000016s ]
INFO: [ app_end ] --END-- [ RunTime:0.000025s ]

[ 2017-04-26T16:20:30+08:00 ] 183.38.251.210 /Back.php/Article/list.html
INFO: [ app_init ] --START--
INFO: Run Behavior\BuildLiteBehavior [ RunTime:0.000011s ]
INFO: [ app_init ] --END-- [ RunTime:0.000052s ]
INFO: [ app_begin ] --START--
INFO: Run Behavior\ReadHtmlCacheBehavior [ RunTime:0.000017s ]
INFO: [ app_begin ] --END-- [ RunTime:0.000032s ]
SQL: SELECT COUNT(*) AS tp_count FROM `article` LIMIT 1   [ RunTime:0.0003s ]
NOTIC: [8] Use of undefined constant BACK_PAGE - assumed 'BACK_PAGE' /usr/local/nginx/html/blog/Application/Back/Controller/ArticleController.class.php 第 96 行.
NOTIC: [8] Use of undefined constant BACK_PAGE - assumed 'BACK_PAGE' /usr/local/nginx/html/blog/Application/Back/Controller/ArticleController.class.php 第 103 行.
SQL: SELECT `id`,`category_id`,`subject`,`summary`,`create_time`,`top`,`status` FROM `article` LIMIT 0,10   [ RunTime:0.0002s ]
SQL: SELECT * FROM `category`  [ RunTime:0.0002s ]
NOTIC: [8] Use of undefined constant BACK_PAGE - assumed 'BACK_PAGE' /usr/local/nginx/html/blog/Application/Back/Controller/ArticleController.class.php 第 121 行.
NOTIC: [8] Use of undefined constant BACK_URL - assumed 'BACK_URL' /usr/local/nginx/html/blog/Application/Back/Controller/ArticleController.class.php 第 124 行.
INFO: [ view_parse ] --START--
INFO: [ template_filter ] --START--
INFO: Run Behavior\ContentReplaceBehavior [ RunTime:0.000065s ]
INFO: [ template_filter ] --END-- [ RunTime:0.000091s ]
NOTIC: [8] Undefined variable: category /usr/local/nginx/html/blog/Application/Runtime/Cache/Back/bd75a1f5bae92db7fbb63367fc59b7b4.php 第 75 行.
INFO: Run Behavior\ParseTemplateBehavior [ RunTime:0.022962s ]
INFO: [ view_parse ] --END-- [ RunTime:0.022978s ]
INFO: [ view_filter ] --START--
INFO: Run Behavior\WriteHtmlCacheBehavior [ RunTime:0.000019s ]
INFO: [ view_filter ] --END-- [ RunTime:0.000027s ]
INFO: [ app_end ] --START--
INFO: Run Behavior\ShowPageTraceBehavior [ RunTime:0.000015s ]
INFO: [ app_end ] --END-- [ RunTime:0.000025s ]

[ 2017-04-26T16:20:32+08:00 ] 183.38.251.210 /Back.php/Article/set/id/15.html
INFO: [ app_init ] --START--
INFO: Run Behavior\BuildLiteBehavior [ RunTime:0.000008s ]
INFO: [ app_init ] --END-- [ RunTime:0.000043s ]
INFO: [ app_begin ] --START--
INFO: Run Behavior\ReadHtmlCacheBehavior [ RunTime:0.000015s ]
INFO: [ app_begin ] --END-- [ RunTime:0.000028s ]
SQL: SELECT article.id as articleid,article_content.id as contentid,`category_id`,`subject`,`summary`,`cover`,`content`,`top` FROM `article` INNER JOIN article_content ON article.id = article_content.article_id  WHERE article.id = 15 LIMIT 1   [ RunTime:0.0004s ]
SQL: SELECT * FROM `category`  [ RunTime:0.0001s ]
INFO: [ view_parse ] --START--
INFO: [ template_filter ] --START--
INFO: Run Behavior\ContentReplaceBehavior [ RunTime:0.000082s ]
INFO: [ template_filter ] --END-- [ RunTime:0.000102s ]
NOTIC: [8] Undefined variable: category /usr/local/nginx/html/blog/Application/Runtime/Cache/Back/9ee633c53a9b5146604336c22eb9ac70.php 第 78 行.
INFO: Run Behavior\ParseTemplateBehavior [ RunTime:0.005047s ]
INFO: [ view_parse ] --END-- [ RunTime:0.005062s ]
INFO: [ view_filter ] --START--
INFO: Run Behavior\WriteHtmlCacheBehavior [ RunTime:0.000018s ]
INFO: [ view_filter ] --END-- [ RunTime:0.000026s ]
INFO: [ app_end ] --START--
INFO: Run Behavior\ShowPageTraceBehavior [ RunTime:0.000015s ]
INFO: [ app_end ] --END-- [ RunTime:0.000025s ]

[ 2017-04-26T16:24:45+08:00 ] 183.38.251.210 /Back.php/Article/set.html
INFO: [ app_init ] --START--
INFO: Run Behavior\BuildLiteBehavior [ RunTime:0.000018s ]
INFO: [ app_init ] --END-- [ RunTime:0.000064s ]
INFO: [ app_begin ] --START--
INFO: Run Behavior\ReadHtmlCacheBehavior [ RunTime:0.000022s ]
INFO: [ app_begin ] --END-- [ RunTime:0.000039s ]
NOTIC: [8] Undefined index: validate /usr/local/nginx/html/blog/ThinkPHP/Library/Think/Model.class.php 第 1185 行.
NOTIC: [8] Undefined index: auto /usr/local/nginx/html/blog/ThinkPHP/Library/Think/Model.class.php 第 1128 行.
NOTIC: [2] finfo_file(): Empty filename or path /usr/local/nginx/html/blog/ThinkPHP/Library/Think/Upload.class.php 第 152 行.
NOTIC: [2] array_diff(): Argument #1 is not an array /usr/local/nginx/html/blog/Application/Back/Controller/ArticleController.class.php 第 60 行.
SQL: UPDATE `article` SET `category_id`='6',`subject`='处理centos7下中文显示乱码问题',`summary`='有时候在云服务器上的主机是默认英文的，我们在查看中文是就会显示乱码，写中文也会是乱码，估计默认是拉丁编码吧，下面方法就可以让中文显示正常',`top`='0',`status`='1',`modify_time`='1493195085',`cover`='Public/Upload/20170426/59004e6de129a.jpg' WHERE `id` = '15' [ RunTime:0.0003s ]
SQL: UPDATE `article_content` SET `content`='<h4><ul><li>设置语言</li></ul></h4><pre style=\"max-width:100%;overflow-x:auto;\"><code class=\"bash hljs\" codemark=\"1\">LANG=en_US.UTF-8</code></pre><h4><ul><li>在家目录里编辑 &nbsp;.bash_profile文件，加入下面文字</li></ul><pre style=\"max-width:100%;overflow-x:auto;\"><code class=\"bash hljs\" codemark=\"1\"><span class=\"hljs-built_in\">export</span> LANG=en_US.UTF-8</code></pre><ul><li>保存退出 &nbsp;:wq</li></ul></h4><pre style=\"max-width:100%;overflow-x:auto;\"><code class=\"bash hljs\" codemark=\"1\">:wq</code></pre><blockquote><p>这种方法是修改自己帐号的语言编码，其他账号想修改也要做相应处理</p></blockquote><p><br></p>',`img`='s:0:\"\";',`id`='15' WHERE `id` = 15 [ RunTime:0.0002s ]
NOTIC: [8] Use of undefined constant BACK_URL - assumed 'BACK_URL' /usr/local/nginx/html/blog/Application/Back/Controller/ArticleController.class.php 第 70 行.

[ 2017-04-26T16:24:47+08:00 ] 183.38.251.210 /Back.php/Article/list.html
INFO: [ app_init ] --START--
INFO: Run Behavior\BuildLiteBehavior [ RunTime:0.000009s ]
INFO: [ app_init ] --END-- [ RunTime:0.000046s ]
INFO: [ app_begin ] --START--
INFO: Run Behavior\ReadHtmlCacheBehavior [ RunTime:0.000024s ]
INFO: [ app_begin ] --END-- [ RunTime:0.000045s ]
SQL: SELECT COUNT(*) AS tp_count FROM `article` LIMIT 1   [ RunTime:0.0003s ]
NOTIC: [8] Use of undefined constant BACK_PAGE - assumed 'BACK_PAGE' /usr/local/nginx/html/blog/Application/Back/Controller/ArticleController.class.php 第 96 行.
NOTIC: [8] Use of undefined constant BACK_PAGE - assumed 'BACK_PAGE' /usr/local/nginx/html/blog/Application/Back/Controller/ArticleController.class.php 第 103 行.
SQL: SELECT `id`,`category_id`,`subject`,`summary`,`create_time`,`top`,`status` FROM `article` LIMIT 0,10   [ RunTime:0.0003s ]
SQL: SELECT * FROM `category`  [ RunTime:0.0002s ]
NOTIC: [8] Use of undefined constant BACK_PAGE - assumed 'BACK_PAGE' /usr/local/nginx/html/blog/Application/Back/Controller/ArticleController.class.php 第 121 行.
NOTIC: [8] Use of undefined constant BACK_URL - assumed 'BACK_URL' /usr/local/nginx/html/blog/Application/Back/Controller/ArticleController.class.php 第 124 行.
INFO: [ view_parse ] --START--
INFO: [ template_filter ] --START--
INFO: Run Behavior\ContentReplaceBehavior [ RunTime:0.000057s ]
INFO: [ template_filter ] --END-- [ RunTime:0.000080s ]
NOTIC: [8] Undefined variable: category /usr/local/nginx/html/blog/Application/Runtime/Cache/Back/bd75a1f5bae92db7fbb63367fc59b7b4.php 第 75 行.
INFO: Run Behavior\ParseTemplateBehavior [ RunTime:0.004936s ]
INFO: [ view_parse ] --END-- [ RunTime:0.004960s ]
INFO: [ view_filter ] --START--
INFO: Run Behavior\WriteHtmlCacheBehavior [ RunTime:0.000042s ]
INFO: [ view_filter ] --END-- [ RunTime:0.000057s ]
INFO: [ app_end ] --START--
INFO: Run Behavior\ShowPageTraceBehavior [ RunTime:0.000030s ]
INFO: [ app_end ] --END-- [ RunTime:0.000046s ]

[ 2017-04-26T17:48:43+08:00 ] 101.226.68.215 /Back.php/Login/login.html
INFO: [ app_init ] --START--
INFO: Run Behavior\BuildLiteBehavior [ RunTime:0.000006s ]
INFO: [ app_init ] --END-- [ RunTime:0.000041s ]
INFO: [ app_begin ] --START--
INFO: Run Behavior\ReadHtmlCacheBehavior [ RunTime:0.000020s ]
INFO: [ app_begin ] --END-- [ RunTime:0.000033s ]
INFO: [ view_parse ] --START--
INFO: [ template_filter ] --START--
INFO: Run Behavior\ContentReplaceBehavior [ RunTime:0.000035s ]
INFO: [ template_filter ] --END-- [ RunTime:0.000053s ]
INFO: Run Behavior\ParseTemplateBehavior [ RunTime:0.002070s ]
INFO: [ view_parse ] --END-- [ RunTime:0.002088s ]
INFO: [ view_filter ] --START--
INFO: Run Behavior\WriteHtmlCacheBehavior [ RunTime:0.000021s ]
INFO: [ view_filter ] --END-- [ RunTime:0.000031s ]
INFO: [ app_end ] --START--
INFO: Run Behavior\ShowPageTraceBehavior [ RunTime:0.000012s ]
INFO: [ app_end ] --END-- [ RunTime:0.000020s ]

