[ 2017-04-17T08:29:53+08:00 ] 101.226.125.16 /Back.php/index.html
INFO: [ app_init ] --START--
INFO: Run Behavior\BuildLiteBehavior [ RunTime:0.000009s ]
INFO: [ app_init ] --END-- [ RunTime:0.000049s ]
INFO: [ app_begin ] --START--
INFO: Run Behavior\ReadHtmlCacheBehavior [ RunTime:0.000020s ]
INFO: [ app_begin ] --END-- [ RunTime:0.000036s ]
NOTIC: [8] Use of undefined constant BACK_URL - assumed 'BACK_URL' /usr/local/nginx/html/blog/Application/Back/Controller/IndexController.class.php 第 14 行.

[ 2017-04-17T11:59:54+08:00 ] 101.226.68.215 /Back.php/Article/set.html
INFO: [ app_init ] --START--
INFO: Run Behavior\BuildLiteBehavior [ RunTime:0.000007s ]
INFO: [ app_init ] --END-- [ RunTime:0.000047s ]
INFO: [ app_begin ] --START--
INFO: Run Behavior\ReadHtmlCacheBehavior [ RunTime:0.000021s ]
INFO: [ app_begin ] --END-- [ RunTime:0.000035s ]
NOTIC: [8] Use of undefined constant BACK_URL - assumed 'BACK_URL' /usr/local/nginx/html/blog/Application/Back/Controller/ArticleController.class.php 第 15 行.

[ 2017-04-17T12:00:03+08:00 ] 101.226.64.177 /Back.php/Article/set.html
INFO: [ app_init ] --START--
INFO: Run Behavior\BuildLiteBehavior [ RunTime:0.000008s ]
INFO: [ app_init ] --END-- [ RunTime:0.000049s ]
INFO: [ app_begin ] --START--
INFO: Run Behavior\ReadHtmlCacheBehavior [ RunTime:0.000020s ]
INFO: [ app_begin ] --END-- [ RunTime:0.000039s ]
NOTIC: [8] Use of undefined constant BACK_URL - assumed 'BACK_URL' /usr/local/nginx/html/blog/Application/Back/Controller/ArticleController.class.php 第 15 行.

[ 2017-04-17T15:50:42+08:00 ] 180.153.214.190 /Back.php/Article/set.html
INFO: [ app_init ] --START--
INFO: Run Behavior\BuildLiteBehavior [ RunTime:0.000009s ]
INFO: [ app_init ] --END-- [ RunTime:0.000050s ]
INFO: [ app_begin ] --START--
INFO: Run Behavior\ReadHtmlCacheBehavior [ RunTime:0.000041s ]
INFO: [ app_begin ] --END-- [ RunTime:0.000056s ]
NOTIC: [8] Use of undefined constant BACK_URL - assumed 'BACK_URL' /usr/local/nginx/html/blog/Application/Back/Controller/ArticleController.class.php 第 15 行.

[ 2017-04-17T16:58:40+08:00 ] 113.118.225.167 /Back.php/Index/index.html
INFO: [ app_init ] --START--
INFO: Run Behavior\BuildLiteBehavior [ RunTime:0.000012s ]
INFO: [ app_init ] --END-- [ RunTime:0.000048s ]
INFO: [ app_begin ] --START--
INFO: Run Behavior\ReadHtmlCacheBehavior [ RunTime:0.000013s ]
INFO: [ app_begin ] --END-- [ RunTime:0.000026s ]
NOTIC: [8] Use of undefined constant BACK_URL - assumed 'BACK_URL' /usr/local/nginx/html/blog/Application/Back/Controller/IndexController.class.php 第 14 行.

[ 2017-04-17T16:58:42+08:00 ] 113.118.225.167 /Back.php/Login/login.html
INFO: [ app_init ] --START--
INFO: Run Behavior\BuildLiteBehavior [ RunTime:0.000008s ]
INFO: [ app_init ] --END-- [ RunTime:0.000050s ]
INFO: [ app_begin ] --START--
INFO: Run Behavior\ReadHtmlCacheBehavior [ RunTime:0.000021s ]
INFO: [ app_begin ] --END-- [ RunTime:0.000039s ]
INFO: [ view_parse ] --START--
INFO: [ template_filter ] --START--
INFO: Run Behavior\ContentReplaceBehavior [ RunTime:0.000039s ]
INFO: [ template_filter ] --END-- [ RunTime:0.000066s ]
INFO: Run Behavior\ParseTemplateBehavior [ RunTime:0.009127s ]
INFO: [ view_parse ] --END-- [ RunTime:0.009185s ]
INFO: [ view_filter ] --START--
INFO: Run Behavior\WriteHtmlCacheBehavior [ RunTime:0.000022s ]
INFO: [ view_filter ] --END-- [ RunTime:0.000031s ]
INFO: [ app_end ] --START--
INFO: Run Behavior\ShowPageTraceBehavior [ RunTime:0.000014s ]
INFO: [ app_end ] --END-- [ RunTime:0.000022s ]

[ 2017-04-17T16:58:43+08:00 ] 113.118.225.167 /Back.php/Login/checkVerify.html
INFO: [ app_init ] --START--
INFO: Run Behavior\BuildLiteBehavior [ RunTime:0.000008s ]
INFO: [ app_init ] --END-- [ RunTime:0.000042s ]
INFO: [ app_begin ] --START--
INFO: Run Behavior\ReadHtmlCacheBehavior [ RunTime:0.000019s ]
INFO: [ app_begin ] --END-- [ RunTime:0.000036s ]
INFO: [ app_end ] --START--
INFO: Run Behavior\ShowPageTraceBehavior [ RunTime:0.000035s ]
INFO: [ app_end ] --END-- [ RunTime:0.000062s ]

[ 2017-04-17T16:59:04+08:00 ] 113.118.225.167 /Back.php/Login/checkVerify.html
INFO: [ app_init ] --START--
INFO: Run Behavior\BuildLiteBehavior [ RunTime:0.000007s ]
INFO: [ app_init ] --END-- [ RunTime:0.000049s ]
INFO: [ app_begin ] --START--
INFO: Run Behavior\ReadHtmlCacheBehavior [ RunTime:0.000013s ]
INFO: [ app_begin ] --END-- [ RunTime:0.000031s ]

[ 2017-04-17T16:59:08+08:00 ] 113.118.225.167 /Back.php/Login/checkVerify.html?0.16780492102620803
INFO: [ app_init ] --START--
INFO: Run Behavior\BuildLiteBehavior [ RunTime:0.000007s ]
INFO: [ app_init ] --END-- [ RunTime:0.000047s ]
INFO: [ app_begin ] --START--
INFO: Run Behavior\ReadHtmlCacheBehavior [ RunTime:0.000014s ]
INFO: [ app_begin ] --END-- [ RunTime:0.000027s ]
INFO: [ app_end ] --START--
INFO: Run Behavior\ShowPageTraceBehavior [ RunTime:0.000020s ]
INFO: [ app_end ] --END-- [ RunTime:0.000039s ]

[ 2017-04-17T16:59:14+08:00 ] 113.118.225.167 /Back.php/Login/checkVerify.html
INFO: [ app_init ] --START--
INFO: Run Behavior\BuildLiteBehavior [ RunTime:0.000006s ]
INFO: [ app_init ] --END-- [ RunTime:0.000033s ]
INFO: [ app_begin ] --START--
INFO: Run Behavior\ReadHtmlCacheBehavior [ RunTime:0.000013s ]
INFO: [ app_begin ] --END-- [ RunTime:0.000024s ]

[ 2017-04-17T16:59:14+08:00 ] 113.118.225.167 /Back.php/Login/login.html
INFO: [ app_init ] --START--
INFO: Run Behavior\BuildLiteBehavior [ RunTime:0.000007s ]
INFO: [ app_init ] --END-- [ RunTime:0.000040s ]
INFO: [ app_begin ] --START--
INFO: Run Behavior\ReadHtmlCacheBehavior [ RunTime:0.000013s ]
INFO: [ app_begin ] --END-- [ RunTime:0.000025s ]
SQL: SELECT * FROM `admin` WHERE `phone` = '18128167616' LIMIT 1   [ RunTime:0.0011s ]
NOTIC: [8] Use of undefined constant BACK_URL - assumed 'BACK_URL' /usr/local/nginx/html/blog/Application/Back/Controller/LoginController.class.php 第 18 行.

[ 2017-04-17T16:59:17+08:00 ] 113.118.225.167 /Back.php/Index/index.html
INFO: [ app_init ] --START--
INFO: Run Behavior\BuildLiteBehavior [ RunTime:0.000009s ]
INFO: [ app_init ] --END-- [ RunTime:0.000049s ]
INFO: [ app_begin ] --START--
INFO: Run Behavior\ReadHtmlCacheBehavior [ RunTime:0.000023s ]
INFO: [ app_begin ] --END-- [ RunTime:0.000042s ]
INFO: [ view_parse ] --START--
INFO: [ template_filter ] --START--
INFO: Run Behavior\ContentReplaceBehavior [ RunTime:0.000042s ]
INFO: [ template_filter ] --END-- [ RunTime:0.000067s ]
NOTIC: [8] Undefined variable: category /usr/local/nginx/html/blog/Application/Runtime/Cache/Back/c902602000c317a06dd48fdd319834e9.php 第 75 行.
INFO: Run Behavior\ParseTemplateBehavior [ RunTime:0.010434s ]
INFO: [ view_parse ] --END-- [ RunTime:0.010451s ]
INFO: [ view_filter ] --START--
INFO: Run Behavior\WriteHtmlCacheBehavior [ RunTime:0.000022s ]
INFO: [ view_filter ] --END-- [ RunTime:0.000034s ]
INFO: [ app_end ] --START--
INFO: Run Behavior\ShowPageTraceBehavior [ RunTime:0.000016s ]
INFO: [ app_end ] --END-- [ RunTime:0.000027s ]

[ 2017-04-17T17:00:05+08:00 ] 113.118.225.167 /Back.php/Article/list.html
INFO: [ app_init ] --START--
INFO: Run Behavior\BuildLiteBehavior [ RunTime:0.000008s ]
INFO: [ app_init ] --END-- [ RunTime:0.000059s ]
INFO: [ app_begin ] --START--
INFO: Run Behavior\ReadHtmlCacheBehavior [ RunTime:0.000032s ]
INFO: [ app_begin ] --END-- [ RunTime:0.000052s ]
SQL: SELECT COUNT(*) AS tp_count FROM `article` LIMIT 1   [ RunTime:0.0003s ]
NOTIC: [8] Use of undefined constant BACK_PAGE - assumed 'BACK_PAGE' /usr/local/nginx/html/blog/Application/Back/Controller/ArticleController.class.php 第 96 行.
NOTIC: [8] Use of undefined constant BACK_PAGE - assumed 'BACK_PAGE' /usr/local/nginx/html/blog/Application/Back/Controller/ArticleController.class.php 第 103 行.
SQL: SELECT `id`,`category_id`,`subject`,`summary`,`create_time`,`top`,`status` FROM `article` LIMIT 0,10   [ RunTime:0.0002s ]
SQL: SELECT * FROM `category`  [ RunTime:0.0002s ]
NOTIC: [8] Use of undefined constant BACK_PAGE - assumed 'BACK_PAGE' /usr/local/nginx/html/blog/Application/Back/Controller/ArticleController.class.php 第 121 行.
NOTIC: [8] Use of undefined constant BACK_URL - assumed 'BACK_URL' /usr/local/nginx/html/blog/Application/Back/Controller/ArticleController.class.php 第 124 行.
INFO: [ view_parse ] --START--
INFO: [ template_filter ] --START--
INFO: Run Behavior\ContentReplaceBehavior [ RunTime:0.000055s ]
INFO: [ template_filter ] --END-- [ RunTime:0.000079s ]
NOTIC: [8] Undefined variable: category /usr/local/nginx/html/blog/Application/Runtime/Cache/Back/bd75a1f5bae92db7fbb63367fc59b7b4.php 第 75 行.
INFO: Run Behavior\ParseTemplateBehavior [ RunTime:0.003885s ]
INFO: [ view_parse ] --END-- [ RunTime:0.003907s ]
INFO: [ view_filter ] --START--
INFO: Run Behavior\WriteHtmlCacheBehavior [ RunTime:0.000029s ]
INFO: [ view_filter ] --END-- [ RunTime:0.000045s ]
INFO: [ app_end ] --START--
INFO: Run Behavior\ShowPageTraceBehavior [ RunTime:0.000030s ]
INFO: [ app_end ] --END-- [ RunTime:0.000046s ]

[ 2017-04-17T17:00:08+08:00 ] 113.118.225.167 /Back.php/Article/set/id/11.html
INFO: [ app_init ] --START--
INFO: Run Behavior\BuildLiteBehavior [ RunTime:0.000006s ]
INFO: [ app_init ] --END-- [ RunTime:0.000033s ]
INFO: [ app_begin ] --START--
INFO: Run Behavior\ReadHtmlCacheBehavior [ RunTime:0.000015s ]
INFO: [ app_begin ] --END-- [ RunTime:0.000046s ]
SQL: SELECT article.id as articleid,article_content.id as contentid,`category_id`,`subject`,`summary`,`cover`,`content`,`top` FROM `article` INNER JOIN article_content ON article.id = article_content.article_id  WHERE article.id = 11 LIMIT 1   [ RunTime:0.0021s ]
SQL: SELECT * FROM `category`  [ RunTime:0.0002s ]
INFO: [ view_parse ] --START--
INFO: [ template_filter ] --START--
INFO: Run Behavior\ContentReplaceBehavior [ RunTime:0.000066s ]
INFO: [ template_filter ] --END-- [ RunTime:0.000084s ]
NOTIC: [8] Undefined variable: category /usr/local/nginx/html/blog/Application/Runtime/Cache/Back/9ee633c53a9b5146604336c22eb9ac70.php 第 78 行.
INFO: Run Behavior\ParseTemplateBehavior [ RunTime:0.003871s ]
INFO: [ view_parse ] --END-- [ RunTime:0.003889s ]
INFO: [ view_filter ] --START--
INFO: Run Behavior\WriteHtmlCacheBehavior [ RunTime:0.000021s ]
INFO: [ view_filter ] --END-- [ RunTime:0.000033s ]
INFO: [ app_end ] --START--
INFO: Run Behavior\ShowPageTraceBehavior [ RunTime:0.000016s ]
INFO: [ app_end ] --END-- [ RunTime:0.000026s ]

[ 2017-04-17T17:09:15+08:00 ] 113.118.225.167 /Back.php/Article/set.html
INFO: [ app_init ] --START--
INFO: Run Behavior\BuildLiteBehavior [ RunTime:0.000008s ]
INFO: [ app_init ] --END-- [ RunTime:0.000054s ]
INFO: [ app_begin ] --START--
INFO: Run Behavior\ReadHtmlCacheBehavior [ RunTime:0.000024s ]
INFO: [ app_begin ] --END-- [ RunTime:0.000040s ]
NOTIC: [8] Undefined index: validate /usr/local/nginx/html/blog/ThinkPHP/Library/Think/Model.class.php 第 1185 行.
NOTIC: [8] Undefined index: auto /usr/local/nginx/html/blog/ThinkPHP/Library/Think/Model.class.php 第 1128 行.
NOTIC: [2] finfo_file(): Empty filename or path /usr/local/nginx/html/blog/ThinkPHP/Library/Think/Upload.class.php 第 152 行.
NOTIC: [2] array_diff(): Argument #1 is not an array /usr/local/nginx/html/blog/Application/Back/Controller/ArticleController.class.php 第 60 行.
SQL: UPDATE `article` SET `category_id`='9',`subject`='laravel开发微信公众号里的坑',`summary`='最近闲来没事想学习学习laravel框架和微信公众号的开发，可是啊，坑一个接着一个的来，让我倍感痛苦，特写此文记录之。希望后人不要重蹈覆辙！',`top`='1',`status`='1',`modify_time`='1492420155',`cover`='Public/Upload/20170414/58f041e728717.jpg' WHERE `id` = '11' [ RunTime:0.0045s ]
SQL: UPDATE `article_content` SET `content`='<h3>一<br></h3><p>我们都知道laravel框架是默认开启post请求的防Csrf攻击的，在进行post请求时需要进行token验证，可是微信服务端的post请求我们没办法加入自己的token，所以必须关闭框架的Csrf验证，这里有两种方式：</p><p></p><h4><ul><li>全局关闭防Csrf攻击的token验证</li></ul></h4><p></p><blockquote><p>在<font color=\"#0000ff\">app/Http/kernel.php</font>文件里注释掉下面这行即可全局关闭Csrf攻击的token验证</p></blockquote><pre style=\"max-width:100%;overflow-x:auto;\"><code class=\"php hljs\" codemark=\"1\"><span class=\"hljs-comment\">//\\App\\Http\\Middleware\\VerifyCsrfToken::class,</span></code></pre><p><br></p><p></p><h4><ul><li>局部关闭防Csrf攻击的token验证</li></ul></h4><p></p><blockquote><p>在<font color=\"#0000ff\">app/Http/Middleware/VerifyCsrfToken.php</font>文件里$except数组里填写要排除的url，比如关闭home路由下的token验证</p></blockquote><pre style=\"max-width:100%;overflow-x:auto;\"><code class=\"php hljs\" codemark=\"1\"><span class=\"hljs-keyword\">protected</span> $except = [
        <span class=\"hljs-string\">\'home\'</span>
    ];</code></pre><h3>二</h3><p>以前很多微信开发在我们的服务端获取微信服务器post传过来的xml数据时，一般都用<font color=\"#ff0000\">$HTTP_RAW_POST_DATA</font>全局变量来获取post的原生数据，要使用这个全局变量要在配置文件php.ini中把<em><a href=\"http://www.php.net/manual/en/ini.core.php#ini.always-populate-raw-post-data\">always_populate_raw_post_data</a></em>设置成<font color=\"#ff0000\">on</font><font color=\"#000000\">这在php5.6以前这都是没问题的，但新版本的php中官方已经废止了这个选项。现在都php7时代了，所以啊，还得与时俱进呐。官方建议使用</font><font color=\"#ff0000\">php://input</font><font color=\"#000000\">代替</font><font color=\"#ff0000\">$HTTP_RAW_POST_DATA。</font><font color=\"#000000\"><br></font></p><blockquote><p>解决方法使用php://input来获取原生数据</p></blockquote><pre style=\"max-width:100%;overflow-x:auto;\"><code class=\"php hljs\" codemark=\"1\">$message = file_get_contents(<span class=\"hljs-string\">\"php://input\"</span>)</code></pre><p>上面这行代码就可以把post原生数据放入$message变量中了</p><h3>三</h3><p><h4><ul><li>JS-SDK开发中的注意事项</li></ul><blockquote><p>生成签名时所填写的url不要用框架url函数去生成，在微信端的url会自动加入微信那边的参数，会导致签名与微信端生成的签名不一致</p></blockquote></h4></p><p>在生成签名时获取url地址还是通过原生的超全局变量$_SERVER去获取</p><pre style=\"max-width:100%;overflow-x:auto;\"><code class=\"php hljs\" codemark=\"1\">$protocol = (!<span class=\"hljs-keyword\">empty</span>($_SERVER[<span class=\"hljs-string\">\'HTTPS\'</span>]) &&amp; $_SERVER[<span class=\"hljs-string\">\'HTTPS\'</span>] !== <span class=\"hljs-string\">\'off\'</span> || $_SERVER[<span class=\"hljs-string\">\'SERVER_PORT\'</span>] == <span class=\"hljs-number\">443</span>) ? <span class=\"hljs-string\">\"https://\"</span> : <span class=\"hljs-string\">\"http://\"</span>;
$url = <span class=\"hljs-string\">\"$protocol$_SERVER[HTTP_HOST]$_SERVER[REQUEST_URI]\"</span>;</code></pre><blockquote><p>在填写js接口安全域名时，不要带上http://活着www直接写域名就行</p></blockquote><p>暂时写这么多，等我遇到坑的时候在填补上去。</p><p><br></p>',`img`='s:0:\"\";',`id`='11' WHERE `id` = 11 [ RunTime:0.0017s ]
NOTIC: [8] Use of undefined constant BACK_URL - assumed 'BACK_URL' /usr/local/nginx/html/blog/Application/Back/Controller/ArticleController.class.php 第 70 行.

[ 2017-04-17T17:09:17+08:00 ] 113.118.225.167 /Back.php/Article/list.html
INFO: [ app_init ] --START--
INFO: Run Behavior\BuildLiteBehavior [ RunTime:0.000006s ]
INFO: [ app_init ] --END-- [ RunTime:0.000038s ]
INFO: [ app_begin ] --START--
INFO: Run Behavior\ReadHtmlCacheBehavior [ RunTime:0.000014s ]
INFO: [ app_begin ] --END-- [ RunTime:0.000029s ]
SQL: SELECT COUNT(*) AS tp_count FROM `article` LIMIT 1   [ RunTime:0.0002s ]
NOTIC: [8] Use of undefined constant BACK_PAGE - assumed 'BACK_PAGE' /usr/local/nginx/html/blog/Application/Back/Controller/ArticleController.class.php 第 96 行.
NOTIC: [8] Use of undefined constant BACK_PAGE - assumed 'BACK_PAGE' /usr/local/nginx/html/blog/Application/Back/Controller/ArticleController.class.php 第 103 行.
SQL: SELECT `id`,`category_id`,`subject`,`summary`,`create_time`,`top`,`status` FROM `article` LIMIT 0,10   [ RunTime:0.0002s ]
SQL: SELECT * FROM `category`  [ RunTime:0.0002s ]
NOTIC: [8] Use of undefined constant BACK_PAGE - assumed 'BACK_PAGE' /usr/local/nginx/html/blog/Application/Back/Controller/ArticleController.class.php 第 121 行.
NOTIC: [8] Use of undefined constant BACK_URL - assumed 'BACK_URL' /usr/local/nginx/html/blog/Application/Back/Controller/ArticleController.class.php 第 124 行.
INFO: [ view_parse ] --START--
INFO: [ template_filter ] --START--
INFO: Run Behavior\ContentReplaceBehavior [ RunTime:0.000051s ]
INFO: [ template_filter ] --END-- [ RunTime:0.000068s ]
NOTIC: [8] Undefined variable: category /usr/local/nginx/html/blog/Application/Runtime/Cache/Back/bd75a1f5bae92db7fbb63367fc59b7b4.php 第 75 行.
INFO: Run Behavior\ParseTemplateBehavior [ RunTime:0.003312s ]
INFO: [ view_parse ] --END-- [ RunTime:0.003326s ]
INFO: [ view_filter ] --START--
INFO: Run Behavior\WriteHtmlCacheBehavior [ RunTime:0.000028s ]
INFO: [ view_filter ] --END-- [ RunTime:0.000039s ]
INFO: [ app_end ] --START--
INFO: Run Behavior\ShowPageTraceBehavior [ RunTime:0.000020s ]
INFO: [ app_end ] --END-- [ RunTime:0.000030s ]

[ 2017-04-17T18:34:41+08:00 ] 140.207.185.109 /Back.php/Index/index.html
INFO: [ app_init ] --START--
INFO: Run Behavior\BuildLiteBehavior [ RunTime:0.000008s ]
INFO: [ app_init ] --END-- [ RunTime:0.000047s ]
INFO: [ app_begin ] --START--
INFO: Run Behavior\ReadHtmlCacheBehavior [ RunTime:0.000019s ]
INFO: [ app_begin ] --END-- [ RunTime:0.000036s ]
NOTIC: [8] Use of undefined constant BACK_URL - assumed 'BACK_URL' /usr/local/nginx/html/blog/Application/Back/Controller/IndexController.class.php 第 14 行.

[ 2017-04-17T19:49:12+08:00 ] 101.226.51.226 /Back.php/Article/set/id/11.html
INFO: [ app_init ] --START--
INFO: Run Behavior\BuildLiteBehavior [ RunTime:0.000007s ]
INFO: [ app_init ] --END-- [ RunTime:0.000043s ]
INFO: [ app_begin ] --START--
INFO: Run Behavior\ReadHtmlCacheBehavior [ RunTime:0.000018s ]
INFO: [ app_begin ] --END-- [ RunTime:0.000035s ]
NOTIC: [8] Use of undefined constant BACK_URL - assumed 'BACK_URL' /usr/local/nginx/html/blog/Application/Back/Controller/ArticleController.class.php 第 15 行.

[ 2017-04-17T20:05:00+08:00 ] 180.153.206.21 /Back.php/Login/checkVerify.html
INFO: [ app_init ] --START--
INFO: Run Behavior\BuildLiteBehavior [ RunTime:0.000008s ]
INFO: [ app_init ] --END-- [ RunTime:0.000046s ]
INFO: [ app_begin ] --START--
INFO: Run Behavior\ReadHtmlCacheBehavior [ RunTime:0.000017s ]
INFO: [ app_begin ] --END-- [ RunTime:0.000033s ]
INFO: [ app_end ] --START--
INFO: Run Behavior\ShowPageTraceBehavior [ RunTime:0.000030s ]
INFO: [ app_end ] --END-- [ RunTime:0.000056s ]

[ 2017-04-17T20:06:00+08:00 ] 180.153.163.190 /Back.php/Article/list.html
INFO: [ app_init ] --START--
INFO: Run Behavior\BuildLiteBehavior [ RunTime:0.000009s ]
INFO: [ app_init ] --END-- [ RunTime:0.000065s ]
INFO: [ app_begin ] --START--
INFO: Run Behavior\ReadHtmlCacheBehavior [ RunTime:0.000027s ]
INFO: [ app_begin ] --END-- [ RunTime:0.000043s ]
NOTIC: [8] Use of undefined constant BACK_URL - assumed 'BACK_URL' /usr/local/nginx/html/blog/Application/Back/Controller/ArticleController.class.php 第 15 行.

[ 2017-04-17T20:15:27+08:00 ] 101.226.66.172 /Back.php/Login/login.html
INFO: [ app_init ] --START--
INFO: Run Behavior\BuildLiteBehavior [ RunTime:0.000009s ]
INFO: [ app_init ] --END-- [ RunTime:0.000059s ]
INFO: [ app_begin ] --START--
INFO: Run Behavior\ReadHtmlCacheBehavior [ RunTime:0.000026s ]
INFO: [ app_begin ] --END-- [ RunTime:0.000046s ]
INFO: [ view_parse ] --START--
INFO: [ template_filter ] --START--
INFO: Run Behavior\ContentReplaceBehavior [ RunTime:0.000039s ]
INFO: [ template_filter ] --END-- [ RunTime:0.000063s ]
INFO: Run Behavior\ParseTemplateBehavior [ RunTime:0.001712s ]
INFO: [ view_parse ] --END-- [ RunTime:0.001733s ]
INFO: [ view_filter ] --START--
INFO: Run Behavior\WriteHtmlCacheBehavior [ RunTime:0.000023s ]
INFO: [ view_filter ] --END-- [ RunTime:0.000037s ]
INFO: [ app_end ] --START--
INFO: Run Behavior\ShowPageTraceBehavior [ RunTime:0.000019s ]
INFO: [ app_end ] --END-- [ RunTime:0.000035s ]

